Sat Mar 23 22:06:00 EDT 2024: Job 12181477 is allocated resource
Collecting aiofiles==23.2.1
  Using cached aiofiles-23.2.1-py3-none-any.whl (15 kB)
Collecting aiohttp==3.9.3
  Downloading aiohttp-3.9.3-cp310-cp310-manylinux_2_17_x86_64.manylinux2014_x86_64.whl (1.2 MB)
     ━━━━━━━━━━━━━━━━━━━━━━━━━━━━━━━━━━━━━━━━ 1.2/1.2 MB 31.9 MB/s eta 0:00:00
Collecting aiosignal==1.3.1
  Using cached aiosignal-1.3.1-py3-none-any.whl (7.6 kB)
Collecting altair==5.2.0
  Using cached altair-5.2.0-py3-none-any.whl (996 kB)
Collecting annotated-types==0.6.0
  Using cached annotated_types-0.6.0-py3-none-any.whl (12 kB)
Collecting annoy==1.17.3
  Using cached annoy-1.17.3.tar.gz (647 kB)
  Preparing metadata (setup.py): started
  Preparing metadata (setup.py): finished with status 'done'
Collecting antlr4-python3-runtime==4.9.3
  Using cached antlr4-python3-runtime-4.9.3.tar.gz (117 kB)
  Preparing metadata (setup.py): started
  Preparing metadata (setup.py): finished with status 'done'
Collecting anyio==4.3.0
  Using cached anyio-4.3.0-py3-none-any.whl (85 kB)
Collecting appdirs==1.4.4
  Using cached appdirs-1.4.4-py2.py3-none-any.whl (9.6 kB)
Collecting async-timeout==4.0.3
  Using cached async_timeout-4.0.3-py3-none-any.whl (5.7 kB)
Collecting attrs==23.2.0
  Using cached attrs-23.2.0-py3-none-any.whl (60 kB)
Collecting audioread==3.0.1
  Using cached audioread-3.0.1-py3-none-any.whl (23 kB)
Collecting av==11.0.0
  Downloading av-11.0.0-cp310-cp310-manylinux_2_17_x86_64.manylinux2014_x86_64.whl (32.9 MB)
     ━━━━━━━━━━━━━━━━━━━━━━━━━━━━━━━━━━━━━━━━ 32.9/32.9 MB 52.0 MB/s eta 0:00:00
Collecting blis==0.7.11
  Downloading blis-0.7.11-cp310-cp310-manylinux_2_17_x86_64.manylinux2014_x86_64.whl (10.2 MB)
     ━━━━━━━━━━━━━━━━━━━━━━━━━━━━━━━━━━━━━━━━ 10.2/10.2 MB 85.5 MB/s eta 0:00:00
Collecting braceexpand==0.1.7
  Using cached braceexpand-0.1.7-py2.py3-none-any.whl (5.9 kB)
Collecting build==1.1.1
  Using cached build-1.1.1-py3-none-any.whl (19 kB)
Collecting CacheControl==0.14.0
  Using cached cachecontrol-0.14.0-py3-none-any.whl (22 kB)
Collecting catalogue==2.0.10
  Using cached catalogue-2.0.10-py3-none-any.whl (17 kB)
Collecting certifi==2024.2.2
  Using cached certifi-2024.2.2-py3-none-any.whl (163 kB)
Collecting cffi==1.16.0
  Downloading cffi-1.16.0-cp310-cp310-manylinux_2_17_x86_64.manylinux2014_x86_64.whl (443 kB)
     ━━━━━━━━━━━━━━━━━━━━━━━━━━━━━━━━━━━━━━ 443.9/443.9 kB 25.5 MB/s eta 0:00:00
Collecting charset-normalizer==3.3.2
  Downloading charset_normalizer-3.3.2-cp310-cp310-manylinux_2_17_x86_64.manylinux2014_x86_64.whl (142 kB)
     ━━━━━━━━━━━━━━━━━━━━━━━━━━━━━━━━━━━━━━ 142.1/142.1 kB 11.7 MB/s eta 0:00:00
Collecting cleo==2.1.0
  Using cached cleo-2.1.0-py3-none-any.whl (78 kB)
Collecting click==8.1.7
  Using cached click-8.1.7-py3-none-any.whl (97 kB)
Collecting cloudpathlib==0.16.0
  Using cached cloudpathlib-0.16.0-py3-none-any.whl (45 kB)
Collecting cloudpickle==3.0.0
  Using cached cloudpickle-3.0.0-py3-none-any.whl (20 kB)
Collecting colorama==0.4.6
  Using cached colorama-0.4.6-py2.py3-none-any.whl (25 kB)
Collecting colorlog==6.8.2
  Using cached colorlog-6.8.2-py3-none-any.whl (11 kB)
Collecting confection==0.1.4
  Using cached confection-0.1.4-py3-none-any.whl (35 kB)
Collecting contourpy==1.2.0
  Downloading contourpy-1.2.0-cp310-cp310-manylinux_2_17_x86_64.manylinux2014_x86_64.whl (310 kB)
     ━━━━━━━━━━━━━━━━━━━━━━━━━━━━━━━━━━━━━━ 310.7/310.7 kB 22.8 MB/s eta 0:00:00
Collecting crashtest==0.4.1
  Using cached crashtest-0.4.1-py3-none-any.whl (7.6 kB)
Collecting cryptography==42.0.5
  Using cached cryptography-42.0.5-cp39-abi3-manylinux_2_17_x86_64.manylinux2014_x86_64.whl (4.6 MB)
Collecting cycler==0.12.1
  Using cached cycler-0.12.1-py3-none-any.whl (8.3 kB)
Collecting cymem==2.0.8
  Downloading cymem-2.0.8-cp310-cp310-manylinux_2_17_x86_64.manylinux2014_x86_64.whl (46 kB)
     ━━━━━━━━━━━━━━━━━━━━━━━━━━━━━━━━━━━━━━━━ 46.1/46.1 kB 5.1 MB/s eta 0:00:00
Collecting datasets==2.18.0
  Using cached datasets-2.18.0-py3-none-any.whl (510 kB)
Collecting decorator==5.1.1
  Using cached decorator-5.1.1-py3-none-any.whl (9.1 kB)
Collecting demucs==4.0.1
  Using cached demucs-4.0.1.tar.gz (1.2 MB)
  Preparing metadata (setup.py): started
  Preparing metadata (setup.py): finished with status 'done'
Collecting dill==0.3.8
  Using cached dill-0.3.8-py3-none-any.whl (116 kB)
Collecting distlib==0.3.8
  Using cached distlib-0.3.8-py2.py3-none-any.whl (468 kB)
Collecting docker-pycreds==0.4.0
  Using cached docker_pycreds-0.4.0-py2.py3-none-any.whl (9.0 kB)
Collecting docopt==0.6.2
  Using cached docopt-0.6.2.tar.gz (25 kB)
  Preparing metadata (setup.py): started
  Preparing metadata (setup.py): finished with status 'done'
Collecting dora_search==0.1.12
  Using cached dora_search-0.1.12.tar.gz (87 kB)
  Installing build dependencies: started
  Installing build dependencies: finished with status 'done'
  Getting requirements to build wheel: started
  Getting requirements to build wheel: finished with status 'done'
  Preparing metadata (pyproject.toml): started
  Preparing metadata (pyproject.toml): finished with status 'done'
Collecting dulwich==0.21.7
  Downloading dulwich-0.21.7-cp310-cp310-manylinux_2_17_x86_64.manylinux2014_x86_64.whl (514 kB)
     ━━━━━━━━━━━━━━━━━━━━━━━━━━━━━━━━━━━━━━ 514.7/514.7 kB 35.0 MB/s eta 0:00:00
Collecting einops==0.7.0
  Using cached einops-0.7.0-py3-none-any.whl (44 kB)
Collecting encodec==0.1.1
  Using cached encodec-0.1.1.tar.gz (3.7 MB)
  Preparing metadata (setup.py): started
  Preparing metadata (setup.py): finished with status 'done'
Collecting exceptiongroup==1.2.0
  Using cached exceptiongroup-1.2.0-py3-none-any.whl (16 kB)
Collecting fastapi==0.110.0
  Using cached fastapi-0.110.0-py3-none-any.whl (92 kB)
Collecting fastjsonschema==2.19.1
  Using cached fastjsonschema-2.19.1-py3-none-any.whl (23 kB)
Collecting ffmpy==0.3.2
  Using cached ffmpy-0.3.2.tar.gz (5.5 kB)
  Preparing metadata (setup.py): started
  Preparing metadata (setup.py): finished with status 'done'
Collecting filelock==3.13.1
  Using cached filelock-3.13.1-py3-none-any.whl (11 kB)
Collecting flashy==0.0.2
  Using cached flashy-0.0.2.tar.gz (72 kB)
  Installing build dependencies: started
  Installing build dependencies: finished with status 'done'
  Getting requirements to build wheel: started
  Getting requirements to build wheel: finished with status 'done'
  Preparing metadata (pyproject.toml): started
  Preparing metadata (pyproject.toml): finished with status 'done'
Collecting fonttools==4.50.0
  Downloading fonttools-4.50.0-cp310-cp310-manylinux_2_17_x86_64.manylinux2014_x86_64.whl (4.6 MB)
     ━━━━━━━━━━━━━━━━━━━━━━━━━━━━━━━━━━━━━━━━ 4.6/4.6 MB 95.2 MB/s eta 0:00:00
Collecting frozenlist==1.4.1
  Downloading frozenlist-1.4.1-cp310-cp310-manylinux_2_5_x86_64.manylinux1_x86_64.manylinux_2_17_x86_64.manylinux2014_x86_64.whl (239 kB)
     ━━━━━━━━━━━━━━━━━━━━━━━━━━━━━━━━━━━━━━ 239.5/239.5 kB 21.2 MB/s eta 0:00:00
Collecting fsspec==2024.2.0
  Using cached fsspec-2024.2.0-py3-none-any.whl (170 kB)
Collecting ftfy==6.2.0
  Using cached ftfy-6.2.0-py3-none-any.whl (54 kB)
Collecting gitdb==4.0.11
  Using cached gitdb-4.0.11-py3-none-any.whl (62 kB)
Collecting GitPython==3.1.42
  Using cached GitPython-3.1.42-py3-none-any.whl (195 kB)
Collecting gradio==4.21.0
  Using cached gradio-4.21.0-py3-none-any.whl (17.0 MB)
Collecting gradio_client==0.12.0
  Using cached gradio_client-0.12.0-py3-none-any.whl (310 kB)
Collecting h11==0.14.0
  Using cached h11-0.14.0-py3-none-any.whl (58 kB)
Collecting h5py==3.10.0
  Downloading h5py-3.10.0-cp310-cp310-manylinux_2_17_x86_64.manylinux2014_x86_64.whl (4.8 MB)
     ━━━━━━━━━━━━━━━━━━━━━━━━━━━━━━━━━━━━━━━━ 4.8/4.8 MB 90.6 MB/s eta 0:00:00
Collecting httpcore==1.0.4
  Using cached httpcore-1.0.4-py3-none-any.whl (77 kB)
Collecting httpx==0.27.0
  Using cached httpx-0.27.0-py3-none-any.whl (75 kB)
Collecting huggingface-hub==0.21.4
  Using cached huggingface_hub-0.21.4-py3-none-any.whl (346 kB)
Collecting hydra-colorlog==1.2.0
  Using cached hydra_colorlog-1.2.0-py3-none-any.whl (3.6 kB)
Collecting hydra-core==1.3.2
  Using cached hydra_core-1.3.2-py3-none-any.whl (154 kB)
Collecting idna==3.6
  Using cached idna-3.6-py3-none-any.whl (61 kB)
Collecting importlib_metadata==7.0.2
  Using cached importlib_metadata-7.0.2-py3-none-any.whl (24 kB)
Collecting importlib_resources==6.3.1
  Using cached importlib_resources-6.3.1-py3-none-any.whl (35 kB)
Collecting installer==0.7.0
  Using cached installer-0.7.0-py3-none-any.whl (453 kB)
Collecting jaraco.classes==3.3.1
  Using cached jaraco.classes-3.3.1-py3-none-any.whl (6.8 kB)
Collecting jeepney==0.8.0
  Using cached jeepney-0.8.0-py3-none-any.whl (48 kB)
Collecting Jinja2==3.1.3
  Using cached Jinja2-3.1.3-py3-none-any.whl (133 kB)
Collecting joblib==1.3.2
  Using cached joblib-1.3.2-py3-none-any.whl (302 kB)
Collecting jsonschema==4.21.1
  Using cached jsonschema-4.21.1-py3-none-any.whl (85 kB)
Collecting jsonschema-specifications==2023.12.1
  Using cached jsonschema_specifications-2023.12.1-py3-none-any.whl (18 kB)
Collecting julius==0.2.7
  Using cached julius-0.2.7.tar.gz (59 kB)
  Preparing metadata (setup.py): started
  Preparing metadata (setup.py): finished with status 'done'
Collecting keyring==24.3.1
  Using cached keyring-24.3.1-py3-none-any.whl (38 kB)
Collecting kiwisolver==1.4.5
  Downloading kiwisolver-1.4.5-cp310-cp310-manylinux_2_12_x86_64.manylinux2010_x86_64.whl (1.6 MB)
     ━━━━━━━━━━━━━━━━━━━━━━━━━━━━━━━━━━━━━━━━ 1.6/1.6 MB 56.6 MB/s eta 0:00:00
Collecting laion-clap==1.1.2
  Using cached laion_clap-1.1.2-py3-none-any.whl (1.5 MB)
Collecting lameenc==1.7.0
  Downloading lameenc-1.7.0-cp310-cp310-manylinux_2_17_x86_64.manylinux2014_x86_64.manylinux_2_24_x86_64.whl (267 kB)
     ━━━━━━━━━━━━━━━━━━━━━━━━━━━━━━━━━━━━━━ 267.5/267.5 kB 17.6 MB/s eta 0:00:00
Collecting langcodes==3.3.0
  Using cached langcodes-3.3.0-py3-none-any.whl (181 kB)
Collecting lazy_loader==0.3
  Using cached lazy_loader-0.3-py3-none-any.whl (9.1 kB)
Collecting librosa==0.10.1
  Using cached librosa-0.10.1-py3-none-any.whl (253 kB)
Collecting lightning-utilities==0.10.1
  Using cached lightning_utilities-0.10.1-py3-none-any.whl (24 kB)
Collecting llvmlite==0.42.0
  Downloading llvmlite-0.42.0-cp310-cp310-manylinux_2_17_x86_64.manylinux2014_x86_64.whl (43.8 MB)
     ━━━━━━━━━━━━━━━━━━━━━━━━━━━━━━━━━━━━━━━━ 43.8/43.8 MB 40.3 MB/s eta 0:00:00
Collecting markdown-it-py==3.0.0
  Using cached markdown_it_py-3.0.0-py3-none-any.whl (87 kB)
Collecting MarkupSafe==2.1.5
  Downloading MarkupSafe-2.1.5-cp310-cp310-manylinux_2_17_x86_64.manylinux2014_x86_64.whl (25 kB)
Collecting matplotlib==3.8.3
  Downloading matplotlib-3.8.3-cp310-cp310-manylinux_2_17_x86_64.manylinux2014_x86_64.whl (11.6 MB)
     ━━━━━━━━━━━━━━━━━━━━━━━━━━━━━━━━━━━━━━━━ 11.6/11.6 MB 53.9 MB/s eta 0:00:00
Collecting mdurl==0.1.2
  Using cached mdurl-0.1.2-py3-none-any.whl (10.0 kB)
Collecting more-itertools==10.2.0
  Using cached more_itertools-10.2.0-py3-none-any.whl (57 kB)
Collecting mpmath==1.3.0
  Using cached mpmath-1.3.0-py3-none-any.whl (536 kB)
Collecting msgpack==1.0.8
  Downloading msgpack-1.0.8-cp310-cp310-manylinux_2_17_x86_64.manylinux2014_x86_64.whl (385 kB)
     ━━━━━━━━━━━━━━━━━━━━━━━━━━━━━━━━━━━━━━ 385.1/385.1 kB 23.7 MB/s eta 0:00:00
Collecting multidict==6.0.5
  Downloading multidict-6.0.5-cp310-cp310-manylinux_2_17_x86_64.manylinux2014_x86_64.whl (124 kB)
     ━━━━━━━━━━━━━━━━━━━━━━━━━━━━━━━━━━━━━━ 124.3/124.3 kB 13.0 MB/s eta 0:00:00
Collecting multiprocess==0.70.16
  Downloading multiprocess-0.70.16-py310-none-any.whl (134 kB)
     ━━━━━━━━━━━━━━━━━━━━━━━━━━━━━━━━━━━━━━ 134.8/134.8 kB 13.2 MB/s eta 0:00:00
Collecting murmurhash==1.0.10
  Downloading murmurhash-1.0.10-cp310-cp310-manylinux_2_5_x86_64.manylinux1_x86_64.manylinux_2_17_x86_64.manylinux2014_x86_64.whl (29 kB)
Collecting networkx==3.2.1
  Using cached networkx-3.2.1-py3-none-any.whl (1.6 MB)
Collecting num2words==0.5.13
  Using cached num2words-0.5.13-py3-none-any.whl (143 kB)
Collecting numba==0.59.0
  Downloading numba-0.59.0-cp310-cp310-manylinux2014_x86_64.manylinux_2_17_x86_64.whl (3.7 MB)
     ━━━━━━━━━━━━━━━━━━━━━━━━━━━━━━━━━━━━━━━━ 3.7/3.7 MB 78.8 MB/s eta 0:00:00
Collecting numpy==1.23.4
  Downloading numpy-1.23.4-cp310-cp310-manylinux_2_17_x86_64.manylinux2014_x86_64.whl (17.1 MB)
     ━━━━━━━━━━━━━━━━━━━━━━━━━━━━━━━━━━━━━━━━ 17.1/17.1 MB 87.6 MB/s eta 0:00:00
Collecting nvidia-cublas-cu12==12.1.3.1
  Using cached nvidia_cublas_cu12-12.1.3.1-py3-none-manylinux1_x86_64.whl (410.6 MB)
Collecting nvidia-cuda-cupti-cu12==12.1.105
  Using cached nvidia_cuda_cupti_cu12-12.1.105-py3-none-manylinux1_x86_64.whl (14.1 MB)
Collecting nvidia-cuda-nvrtc-cu12==12.1.105
  Using cached nvidia_cuda_nvrtc_cu12-12.1.105-py3-none-manylinux1_x86_64.whl (23.7 MB)
Collecting nvidia-cuda-runtime-cu12==12.1.105
  Using cached nvidia_cuda_runtime_cu12-12.1.105-py3-none-manylinux1_x86_64.whl (823 kB)
Collecting nvidia-cudnn-cu12==8.9.2.26
  Using cached nvidia_cudnn_cu12-8.9.2.26-py3-none-manylinux1_x86_64.whl (731.7 MB)
Collecting nvidia-cufft-cu12==11.0.2.54
  Using cached nvidia_cufft_cu12-11.0.2.54-py3-none-manylinux1_x86_64.whl (121.6 MB)
Collecting nvidia-curand-cu12==10.3.2.106
  Using cached nvidia_curand_cu12-10.3.2.106-py3-none-manylinux1_x86_64.whl (56.5 MB)
Collecting nvidia-cusolver-cu12==11.4.5.107
  Using cached nvidia_cusolver_cu12-11.4.5.107-py3-none-manylinux1_x86_64.whl (124.2 MB)
Collecting nvidia-cusparse-cu12==12.1.0.106
  Using cached nvidia_cusparse_cu12-12.1.0.106-py3-none-manylinux1_x86_64.whl (196.0 MB)
Collecting nvidia-nccl-cu12==2.18.1
  Using cached nvidia_nccl_cu12-2.18.1-py3-none-manylinux1_x86_64.whl (209.8 MB)
Collecting nvidia-nvjitlink-cu12==12.4.99
  Using cached nvidia_nvjitlink_cu12-12.4.99-py3-none-manylinux2014_x86_64.whl (21.1 MB)
Collecting nvidia-nvtx-cu12==12.1.105
  Using cached nvidia_nvtx_cu12-12.1.105-py3-none-manylinux1_x86_64.whl (99 kB)
Collecting omegaconf==2.3.0
  Using cached omegaconf-2.3.0-py3-none-any.whl (79 kB)
Collecting openunmix==1.2.1
  Using cached openunmix-1.2.1-py3-none-any.whl (46 kB)
Collecting orjson==3.9.15
  Downloading orjson-3.9.15-cp310-cp310-manylinux_2_17_x86_64.manylinux2014_x86_64.whl (138 kB)
     ━━━━━━━━━━━━━━━━━━━━━━━━━━━━━━━━━━━━━━ 138.5/138.5 kB 14.1 MB/s eta 0:00:00
Collecting packaging==24.0
  Using cached packaging-24.0-py3-none-any.whl (53 kB)
Collecting pandas==2.2.1
  Downloading pandas-2.2.1-cp310-cp310-manylinux_2_17_x86_64.manylinux2014_x86_64.whl (13.0 MB)
     ━━━━━━━━━━━━━━━━━━━━━━━━━━━━━━━━━━━━━━━━ 13.0/13.0 MB 89.9 MB/s eta 0:00:00
Collecting pexpect==4.9.0
  Using cached pexpect-4.9.0-py2.py3-none-any.whl (63 kB)
Collecting pillow==10.2.0
  Downloading pillow-10.2.0-cp310-cp310-manylinux_2_17_x86_64.manylinux2014_x86_64.whl (4.4 MB)
     ━━━━━━━━━━━━━━━━━━━━━━━━━━━━━━━━━━━━━━━━ 4.4/4.4 MB 59.9 MB/s eta 0:00:00
Collecting pkginfo==1.10.0
  Using cached pkginfo-1.10.0-py3-none-any.whl (30 kB)
Collecting platformdirs==4.2.0
  Using cached platformdirs-4.2.0-py3-none-any.whl (17 kB)
Collecting poetry==1.8.2
  Using cached poetry-1.8.2-py3-none-any.whl (249 kB)
Collecting poetry-core==1.9.0
  Using cached poetry_core-1.9.0-py3-none-any.whl (309 kB)
Collecting poetry-plugin-export==1.7.0
  Using cached poetry_plugin_export-1.7.0-py3-none-any.whl (10 kB)
Collecting pooch==1.8.1
  Using cached pooch-1.8.1-py3-none-any.whl (62 kB)
Collecting preshed==3.0.9
  Downloading preshed-3.0.9-cp310-cp310-manylinux_2_5_x86_64.manylinux1_x86_64.manylinux_2_17_x86_64.manylinux2014_x86_64.whl (156 kB)
     ━━━━━━━━━━━━━━━━━━━━━━━━━━━━━━━━━━━━━━ 156.9/156.9 kB 17.6 MB/s eta 0:00:00
Collecting progressbar==2.5
  Using cached progressbar-2.5.tar.gz (10 kB)
  Preparing metadata (setup.py): started
  Preparing metadata (setup.py): finished with status 'done'
Collecting protobuf==4.25.3
  Using cached protobuf-4.25.3-cp37-abi3-manylinux2014_x86_64.whl (294 kB)
Collecting psutil==5.9.8
  Using cached psutil-5.9.8-cp36-abi3-manylinux_2_12_x86_64.manylinux2010_x86_64.manylinux_2_17_x86_64.manylinux2014_x86_64.whl (288 kB)
Collecting ptyprocess==0.7.0
  Using cached ptyprocess-0.7.0-py2.py3-none-any.whl (13 kB)
Collecting pyarrow==15.0.1
  Downloading pyarrow-15.0.1-cp310-cp310-manylinux_2_17_x86_64.manylinux2014_x86_64.whl (38.4 MB)
     ━━━━━━━━━━━━━━━━━━━━━━━━━━━━━━━━━━━━━━━━ 38.4/38.4 MB 16.5 MB/s eta 0:00:00
Collecting pyarrow-hotfix==0.6
  Using cached pyarrow_hotfix-0.6-py3-none-any.whl (7.9 kB)
Collecting pycparser==2.21
  Using cached pycparser-2.21-py2.py3-none-any.whl (118 kB)
Collecting pydantic==2.6.4
  Using cached pydantic-2.6.4-py3-none-any.whl (394 kB)
Collecting pydantic_core==2.16.3
  Downloading pydantic_core-2.16.3-cp310-cp310-manylinux_2_17_x86_64.manylinux2014_x86_64.whl (2.2 MB)
     ━━━━━━━━━━━━━━━━━━━━━━━━━━━━━━━━━━━━━━━━ 2.2/2.2 MB 65.5 MB/s eta 0:00:00
Collecting pydub==0.25.1
  Using cached pydub-0.25.1-py2.py3-none-any.whl (32 kB)
Collecting Pygments==2.17.2
  Using cached pygments-2.17.2-py3-none-any.whl (1.2 MB)
Collecting pyparsing==3.1.2
  Using cached pyparsing-3.1.2-py3-none-any.whl (103 kB)
Collecting pyproject_hooks==1.0.0
  Using cached pyproject_hooks-1.0.0-py3-none-any.whl (9.3 kB)
Collecting python-dateutil==2.9.0.post0
  Using cached python_dateutil-2.9.0.post0-py2.py3-none-any.whl (229 kB)
Collecting python-multipart==0.0.9
  Using cached python_multipart-0.0.9-py3-none-any.whl (22 kB)
Collecting pytz==2024.1
  Using cached pytz-2024.1-py2.py3-none-any.whl (505 kB)
Collecting PyYAML==6.0.1
  Downloading PyYAML-6.0.1-cp310-cp310-manylinux_2_17_x86_64.manylinux2014_x86_64.whl (705 kB)
     ━━━━━━━━━━━━━━━━━━━━━━━━━━━━━━━━━━━━━━ 705.5/705.5 kB 32.1 MB/s eta 0:00:00
Collecting rapidfuzz==3.6.2
  Downloading rapidfuzz-3.6.2-cp310-cp310-manylinux_2_17_x86_64.manylinux2014_x86_64.whl (3.4 MB)
     ━━━━━━━━━━━━━━━━━━━━━━━━━━━━━━━━━━━━━━━━ 3.4/3.4 MB 72.2 MB/s eta 0:00:00
Collecting referencing==0.34.0
  Using cached referencing-0.34.0-py3-none-any.whl (26 kB)
Collecting regex==2023.12.25
  Downloading regex-2023.12.25-cp310-cp310-manylinux_2_17_x86_64.manylinux2014_x86_64.whl (773 kB)
     ━━━━━━━━━━━━━━━━━━━━━━━━━━━━━━━━━━━━━━ 774.0/774.0 kB 35.6 MB/s eta 0:00:00
Collecting requests==2.31.0
  Using cached requests-2.31.0-py3-none-any.whl (62 kB)
Collecting requests-toolbelt==1.0.0
  Using cached requests_toolbelt-1.0.0-py2.py3-none-any.whl (54 kB)
Collecting resampy==0.4.3
  Using cached resampy-0.4.3-py3-none-any.whl (3.1 MB)
Collecting retrying==1.3.4
  Using cached retrying-1.3.4-py3-none-any.whl (11 kB)
Collecting rich==13.7.1
  Using cached rich-13.7.1-py3-none-any.whl (240 kB)
Collecting rpds-py==0.18.0
  Downloading rpds_py-0.18.0-cp310-cp310-manylinux_2_17_x86_64.manylinux2014_x86_64.whl (1.1 MB)
     ━━━━━━━━━━━━━━━━━━━━━━━━━━━━━━━━━━━━━━━━ 1.1/1.1 MB 48.3 MB/s eta 0:00:00
Collecting ruff==0.3.3
  Using cached ruff-0.3.3-py3-none-manylinux_2_17_x86_64.manylinux2014_x86_64.whl (8.6 MB)
Collecting safetensors==0.4.2
  Downloading safetensors-0.4.2-cp310-cp310-manylinux_2_17_x86_64.manylinux2014_x86_64.whl (1.3 MB)
     ━━━━━━━━━━━━━━━━━━━━━━━━━━━━━━━━━━━━━━━━ 1.3/1.3 MB 60.3 MB/s eta 0:00:00
Collecting scikit-learn==1.4.1.post1
  Downloading scikit_learn-1.4.1.post1-cp310-cp310-manylinux_2_17_x86_64.manylinux2014_x86_64.whl (12.1 MB)
     ━━━━━━━━━━━━━━━━━━━━━━━━━━━━━━━━━━━━━━━━ 12.1/12.1 MB 89.1 MB/s eta 0:00:00
Collecting scipy==1.10.1
  Downloading scipy-1.10.1-cp310-cp310-manylinux_2_17_x86_64.manylinux2014_x86_64.whl (34.4 MB)
     ━━━━━━━━━━━━━━━━━━━━━━━━━━━━━━━━━━━━━━━━ 34.4/34.4 MB 65.4 MB/s eta 0:00:00
Collecting SecretStorage==3.3.3
  Using cached SecretStorage-3.3.3-py3-none-any.whl (15 kB)
Collecting semantic-version==2.10.0
  Using cached semantic_version-2.10.0-py2.py3-none-any.whl (15 kB)
Collecting sentencepiece==0.2.0
  Downloading sentencepiece-0.2.0-cp310-cp310-manylinux_2_17_x86_64.manylinux2014_x86_64.whl (1.3 MB)
     ━━━━━━━━━━━━━━━━━━━━━━━━━━━━━━━━━━━━━━━━ 1.3/1.3 MB 52.0 MB/s eta 0:00:00
Collecting sentry-sdk==1.42.0
  Using cached sentry_sdk-1.42.0-py2.py3-none-any.whl (263 kB)
Collecting setproctitle==1.3.3
  Downloading setproctitle-1.3.3-cp310-cp310-manylinux_2_5_x86_64.manylinux1_x86_64.manylinux_2_17_x86_64.manylinux2014_x86_64.whl (30 kB)
Collecting shellingham==1.5.4
  Using cached shellingham-1.5.4-py2.py3-none-any.whl (9.8 kB)
Collecting six==1.16.0
  Using cached six-1.16.0-py2.py3-none-any.whl (11 kB)
Collecting smart-open==6.4.0
  Using cached smart_open-6.4.0-py3-none-any.whl (57 kB)
Collecting smmap==5.0.1
  Using cached smmap-5.0.1-py3-none-any.whl (24 kB)
Collecting sniffio==1.3.1
  Using cached sniffio-1.3.1-py3-none-any.whl (10 kB)
Collecting soundfile==0.12.1
  Using cached soundfile-0.12.1-py2.py3-none-manylinux_2_17_x86_64.whl (1.3 MB)
Collecting soxr==0.3.7
  Downloading soxr-0.3.7-cp310-cp310-manylinux_2_17_x86_64.manylinux2014_x86_64.whl (1.2 MB)
     ━━━━━━━━━━━━━━━━━━━━━━━━━━━━━━━━━━━━━━━━ 1.2/1.2 MB 53.6 MB/s eta 0:00:00
Collecting spacy==3.7.4
  Downloading spacy-3.7.4-cp310-cp310-manylinux_2_17_x86_64.manylinux2014_x86_64.whl (6.6 MB)
     ━━━━━━━━━━━━━━━━━━━━━━━━━━━━━━━━━━━━━━━━ 6.6/6.6 MB 101.6 MB/s eta 0:00:00
Collecting spacy-legacy==3.0.12
  Using cached spacy_legacy-3.0.12-py2.py3-none-any.whl (29 kB)
Collecting spacy-loggers==1.0.5
  Using cached spacy_loggers-1.0.5-py3-none-any.whl (22 kB)
Collecting srsly==2.4.8
  Downloading srsly-2.4.8-cp310-cp310-manylinux_2_17_x86_64.manylinux2014_x86_64.whl (493 kB)
     ━━━━━━━━━━━━━━━━━━━━━━━━━━━━━━━━━━━━━━ 493.0/493.0 kB 26.5 MB/s eta 0:00:00
Collecting starlette==0.36.3
  Using cached starlette-0.36.3-py3-none-any.whl (71 kB)
Collecting submitit==1.5.1
  Using cached submitit-1.5.1-py3-none-any.whl (74 kB)
Collecting sympy==1.12
  Using cached sympy-1.12-py3-none-any.whl (5.7 MB)
Collecting thinc==8.2.3
  Downloading thinc-8.2.3-cp310-cp310-manylinux_2_17_x86_64.manylinux2014_x86_64.whl (922 kB)
     ━━━━━━━━━━━━━━━━━━━━━━━━━━━━━━━━━━━━━━ 922.3/922.3 kB 38.3 MB/s eta 0:00:00
Collecting threadpoolctl==3.3.0
  Using cached threadpoolctl-3.3.0-py3-none-any.whl (17 kB)
Collecting tokenizers==0.15.2
  Downloading tokenizers-0.15.2-cp310-cp310-manylinux_2_17_x86_64.manylinux2014_x86_64.whl (3.6 MB)
     ━━━━━━━━━━━━━━━━━━━━━━━━━━━━━━━━━━━━━━━━ 3.6/3.6 MB 75.3 MB/s eta 0:00:00
Collecting tomli==2.0.1
  Using cached tomli-2.0.1-py3-none-any.whl (12 kB)
Collecting tomlkit==0.12.0
  Using cached tomlkit-0.12.0-py3-none-any.whl (37 kB)
Collecting toolz==0.12.1
  Using cached toolz-0.12.1-py3-none-any.whl (56 kB)
Collecting torch==2.1.0
  Downloading torch-2.1.0-cp310-cp310-manylinux1_x86_64.whl (670.2 MB)
     ━━━━━━━━━━━━━━━━━━━━━━━━━━━━━━━━━━━━━━━ 670.2/670.2 MB 6.3 MB/s eta 0:00:00
Collecting torchaudio==2.1.0
  Downloading torchaudio-2.1.0-cp310-cp310-manylinux1_x86_64.whl (3.3 MB)
     ━━━━━━━━━━━━━━━━━━━━━━━━━━━━━━━━━━━━━━━━ 3.3/3.3 MB 65.9 MB/s eta 0:00:00
Collecting torchlibrosa==0.1.0
  Using cached torchlibrosa-0.1.0-py3-none-any.whl (11 kB)
Collecting torchmetrics==1.3.1
  Using cached torchmetrics-1.3.1-py3-none-any.whl (840 kB)
Collecting torchvision==0.16.0
  Downloading torchvision-0.16.0-cp310-cp310-manylinux1_x86_64.whl (6.9 MB)
     ━━━━━━━━━━━━━━━━━━━━━━━━━━━━━━━━━━━━━━━━ 6.9/6.9 MB 84.6 MB/s eta 0:00:00
Collecting tqdm==4.66.2
  Using cached tqdm-4.66.2-py3-none-any.whl (78 kB)
Collecting transformers==4.38.2
  Using cached transformers-4.38.2-py3-none-any.whl (8.5 MB)
Collecting treetable==0.2.5
  Using cached treetable-0.2.5.tar.gz (10 kB)
  Preparing metadata (setup.py): started
  Preparing metadata (setup.py): finished with status 'done'
Collecting triton==2.1.0
  Downloading triton-2.1.0-0-cp310-cp310-manylinux2014_x86_64.manylinux_2_17_x86_64.whl (89.2 MB)
     ━━━━━━━━━━━━━━━━━━━━━━━━━━━━━━━━━━━━━━━━ 89.2/89.2 MB 31.1 MB/s eta 0:00:00
Collecting trove-classifiers==2024.3.3
  Using cached trove_classifiers-2024.3.3-py3-none-any.whl (13 kB)
Collecting typer==0.9.0
  Using cached typer-0.9.0-py3-none-any.whl (45 kB)
Collecting typing_extensions==4.10.0
  Using cached typing_extensions-4.10.0-py3-none-any.whl (33 kB)
Collecting tzdata==2024.1
  Using cached tzdata-2024.1-py2.py3-none-any.whl (345 kB)
Collecting urllib3==2.2.1
  Using cached urllib3-2.2.1-py3-none-any.whl (121 kB)
Collecting uvicorn==0.28.0
  Using cached uvicorn-0.28.0-py3-none-any.whl (60 kB)
Collecting virtualenv==20.25.1
  Using cached virtualenv-20.25.1-py3-none-any.whl (3.8 MB)
Collecting wandb==0.16.4
  Using cached wandb-0.16.4-py3-none-any.whl (2.2 MB)
Collecting wasabi==1.1.2
  Using cached wasabi-1.1.2-py3-none-any.whl (27 kB)
Collecting wcwidth==0.2.13
  Using cached wcwidth-0.2.13-py2.py3-none-any.whl (34 kB)
Collecting weasel==0.3.4
  Using cached weasel-0.3.4-py3-none-any.whl (50 kB)
Collecting webdataset==0.2.86
  Using cached webdataset-0.2.86-py3-none-any.whl (70 kB)
Collecting websockets==11.0.3
  Downloading websockets-11.0.3-cp310-cp310-manylinux_2_5_x86_64.manylinux1_x86_64.manylinux_2_17_x86_64.manylinux2014_x86_64.whl (129 kB)
     ━━━━━━━━━━━━━━━━━━━━━━━━━━━━━━━━━━━━━━ 129.9/129.9 kB 12.9 MB/s eta 0:00:00
Collecting wget==3.2
  Using cached wget-3.2.zip (10 kB)
  Preparing metadata (setup.py): started
  Preparing metadata (setup.py): finished with status 'done'
Collecting xformers==0.0.22.post7
  Downloading xformers-0.0.22.post7-cp310-cp310-manylinux2014_x86_64.whl (211.8 MB)
     ━━━━━━━━━━━━━━━━━━━━━━━━━━━━━━━━━━━━━━ 211.8/211.8 MB 18.1 MB/s eta 0:00:00
Collecting xxhash==3.4.1
  Downloading xxhash-3.4.1-cp310-cp310-manylinux_2_17_x86_64.manylinux2014_x86_64.whl (194 kB)
     ━━━━━━━━━━━━━━━━━━━━━━━━━━━━━━━━━━━━━━ 194.1/194.1 kB 18.6 MB/s eta 0:00:00
Collecting yarl==1.9.4
  Downloading yarl-1.9.4-cp310-cp310-manylinux_2_17_x86_64.manylinux2014_x86_64.whl (301 kB)
     ━━━━━━━━━━━━━━━━━━━━━━━━━━━━━━━━━━━━━━ 301.6/301.6 kB 19.0 MB/s eta 0:00:00
Collecting zipp==3.18.1
  Using cached zipp-3.18.1-py3-none-any.whl (8.2 kB)
Collecting typer[all]<1.0,>=0.9
  Using cached typer-0.10.0-py3-none-any.whl (46 kB)
Requirement already satisfied: setuptools in ./clap_venv/lib/python3.10/site-packages (from lightning-utilities==0.10.1->-r requirements2.txt (line 85)) (65.5.0)
  Using cached typer-0.9.4-py3-none-any.whl (45 kB)
  Using cached typer-0.9.3-py3-none-any.whl (46 kB)
  Using cached typer-0.9.2-py3-none-any.whl (45 kB)
  Using cached typer-0.9.1-py3-none-any.whl (45 kB)
Building wheels for collected packages: dora_search, flashy
  Building wheel for dora_search (pyproject.toml): started
  Building wheel for dora_search (pyproject.toml): finished with status 'done'
  Created wheel for dora_search: filename=dora_search-0.1.12-py3-none-any.whl size=75093 sha256=f1bd4c02cef499f7941a688f9406217bf51238f541f42e562528d3ce553e5b4d
  Stored in directory: /fs01/home/robzeh/.cache/pip/wheels/b1/c2/c0/bea5cc405497284d584b958f293ef32c23bad42ae5e44d973c
  Building wheel for flashy (pyproject.toml): started
  Building wheel for flashy (pyproject.toml): finished with status 'done'
  Created wheel for flashy: filename=flashy-0.0.2-py3-none-any.whl size=34527 sha256=b844072bffe3251812cc23cdd47660c4bbd39345b3a2937247f86923d461c1d2
  Stored in directory: /fs01/home/robzeh/.cache/pip/wheels/07/bd/3d/16c6bc059203299f37b6014643b739afb7f6d1be13a94fc2f7
Successfully built dora_search flashy
Installing collected packages: wget, wcwidth, trove-classifiers, sentencepiece, pytz, pydub, ptyprocess, progressbar, mpmath, lameenc, ffmpy, fastjsonschema, docopt, distlib, cymem, braceexpand, appdirs, antlr4-python3-runtime, annoy, zipp, xxhash, websockets, wasabi, urllib3, tzdata, typing_extensions, treetable, tqdm, toolz, tomlkit, tomli, threadpoolctl, sympy, spacy-loggers, spacy-legacy, sniffio, smmap, smart-open, six, shellingham, setproctitle, semantic-version, safetensors, ruff, rpds-py, regex, rapidfuzz, PyYAML, python-multipart, pyparsing, Pygments, pycparser, pyarrow-hotfix, psutil, protobuf, poetry-core, platformdirs, pkginfo, pillow, pexpect, packaging, orjson, nvidia-nvtx-cu12, nvidia-nvjitlink-cu12, nvidia-nccl-cu12, nvidia-curand-cu12, nvidia-cufft-cu12, nvidia-cuda-runtime-cu12, nvidia-cuda-nvrtc-cu12, nvidia-cuda-cupti-cu12, nvidia-cublas-cu12, numpy, num2words, networkx, murmurhash, multidict, msgpack, more-itertools, mdurl, MarkupSafe, llvmlite, lazy_loader, langcodes, kiwisolver, joblib, jeepney, installer, importlib_resources, idna, h11, ftfy, fsspec, frozenlist, fonttools, filelock, exceptiongroup, einops, dill, decorator, cycler, crashtest, colorlog, colorama, cloudpickle, click, charset-normalizer, certifi, catalogue, av, audioread, attrs, async-timeout, annotated-types, aiofiles, yarl, webdataset, virtualenv, uvicorn, typer, triton, submitit, srsly, soxr, sentry-sdk, scipy, retrying, requests, referencing, python-dateutil, pyproject_hooks, pydantic_core, pyarrow, preshed, omegaconf, nvidia-cusparse-cu12, nvidia-cudnn-cu12, numba, multiprocess, markdown-it-py, lightning-utilities, Jinja2, jaraco.classes, importlib_metadata, httpcore, h5py, gitdb, dulwich, docker-pycreds, contourpy, cloudpathlib, cleo, cffi, blis, anyio, aiosignal, starlette, soundfile, scikit-learn, rich, resampy, requests-toolbelt, pydantic, pooch, pandas, nvidia-cusolver-cu12, matplotlib, jsonschema-specifications, hydra-core, huggingface-hub, httpx, GitPython, cryptography, CacheControl, build, aiohttp, wandb, torch, tokenizers, SecretStorage, librosa, jsonschema, hydra-colorlog, gradio_client, fastapi, confection, xformers, weasel, transformers, torchvision, torchmetrics, torchlibrosa, torchaudio, thinc, keyring, julius, dora_search, datasets, altair, spacy, openunmix, laion-clap, gradio, flashy, encodec, demucs, poetry-plugin-export, poetry
  Running setup.py install for wget: started
  Running setup.py install for wget: finished with status 'done'
  Running setup.py install for progressbar: started
  Running setup.py install for progressbar: finished with status 'done'
  Running setup.py install for ffmpy: started
  Running setup.py install for ffmpy: finished with status 'done'
  Running setup.py install for docopt: started
  Running setup.py install for docopt: finished with status 'done'
  Running setup.py install for antlr4-python3-runtime: started
  Running setup.py install for antlr4-python3-runtime: finished with status 'done'
  Running setup.py install for annoy: started
  Running setup.py install for annoy: finished with status 'done'
  Running setup.py install for treetable: started
  Running setup.py install for treetable: finished with status 'done'
  Running setup.py install for julius: started
  Running setup.py install for julius: finished with status 'done'
  Running setup.py install for encodec: started
  Running setup.py install for encodec: finished with status 'done'
  Running setup.py install for demucs: started
  Running setup.py install for demucs: finished with status 'done'
Successfully installed CacheControl-0.14.0 GitPython-3.1.42 Jinja2-3.1.3 MarkupSafe-2.1.5 PyYAML-6.0.1 Pygments-2.17.2 SecretStorage-3.3.3 aiofiles-23.2.1 aiohttp-3.9.3 aiosignal-1.3.1 altair-5.2.0 annotated-types-0.6.0 annoy-1.17.3 antlr4-python3-runtime-4.9.3 anyio-4.3.0 appdirs-1.4.4 async-timeout-4.0.3 attrs-23.2.0 audioread-3.0.1 av-11.0.0 blis-0.7.11 braceexpand-0.1.7 build-1.1.1 catalogue-2.0.10 certifi-2024.2.2 cffi-1.16.0 charset-normalizer-3.3.2 cleo-2.1.0 click-8.1.7 cloudpathlib-0.16.0 cloudpickle-3.0.0 colorama-0.4.6 colorlog-6.8.2 confection-0.1.4 contourpy-1.2.0 crashtest-0.4.1 cryptography-42.0.5 cycler-0.12.1 cymem-2.0.8 datasets-2.18.0 decorator-5.1.1 demucs-4.0.1 dill-0.3.8 distlib-0.3.8 docker-pycreds-0.4.0 docopt-0.6.2 dora_search-0.1.12 dulwich-0.21.7 einops-0.7.0 encodec-0.1.1 exceptiongroup-1.2.0 fastapi-0.110.0 fastjsonschema-2.19.1 ffmpy-0.3.2 filelock-3.13.1 flashy-0.0.2 fonttools-4.50.0 frozenlist-1.4.1 fsspec-2024.2.0 ftfy-6.2.0 gitdb-4.0.11 gradio-4.21.0 gradio_client-0.12.0 h11-0.14.0 h5py-3.10.0 httpcore-1.0.4 httpx-0.27.0 huggingface-hub-0.21.4 hydra-colorlog-1.2.0 hydra-core-1.3.2 idna-3.6 importlib_metadata-7.0.2 importlib_resources-6.3.1 installer-0.7.0 jaraco.classes-3.3.1 jeepney-0.8.0 joblib-1.3.2 jsonschema-4.21.1 jsonschema-specifications-2023.12.1 julius-0.2.7 keyring-24.3.1 kiwisolver-1.4.5 laion-clap-1.1.2 lameenc-1.7.0 langcodes-3.3.0 lazy_loader-0.3 librosa-0.10.1 lightning-utilities-0.10.1 llvmlite-0.42.0 markdown-it-py-3.0.0 matplotlib-3.8.3 mdurl-0.1.2 more-itertools-10.2.0 mpmath-1.3.0 msgpack-1.0.8 multidict-6.0.5 multiprocess-0.70.16 murmurhash-1.0.10 networkx-3.2.1 num2words-0.5.13 numba-0.59.0 numpy-1.23.4 nvidia-cublas-cu12-12.1.3.1 nvidia-cuda-cupti-cu12-12.1.105 nvidia-cuda-nvrtc-cu12-12.1.105 nvidia-cuda-runtime-cu12-12.1.105 nvidia-cudnn-cu12-8.9.2.26 nvidia-cufft-cu12-11.0.2.54 nvidia-curand-cu12-10.3.2.106 nvidia-cusolver-cu12-11.4.5.107 nvidia-cusparse-cu12-12.1.0.106 nvidia-nccl-cu12-2.18.1 nvidia-nvjitlink-cu12-12.4.99 nvidia-nvtx-cu12-12.1.105 omegaconf-2.3.0 openunmix-1.2.1 orjson-3.9.15 packaging-24.0 pandas-2.2.1 pexpect-4.9.0 pillow-10.2.0 pkginfo-1.10.0 platformdirs-4.2.0 poetry-1.8.2 poetry-core-1.9.0 poetry-plugin-export-1.7.0 pooch-1.8.1 preshed-3.0.9 progressbar-2.5 protobuf-4.25.3 psutil-5.9.8 ptyprocess-0.7.0 pyarrow-15.0.1 pyarrow-hotfix-0.6 pycparser-2.21 pydantic-2.6.4 pydantic_core-2.16.3 pydub-0.25.1 pyparsing-3.1.2 pyproject_hooks-1.0.0 python-dateutil-2.9.0.post0 python-multipart-0.0.9 pytz-2024.1 rapidfuzz-3.6.2 referencing-0.34.0 regex-2023.12.25 requests-2.31.0 requests-toolbelt-1.0.0 resampy-0.4.3 retrying-1.3.4 rich-13.7.1 rpds-py-0.18.0 ruff-0.3.3 safetensors-0.4.2 scikit-learn-1.4.1.post1 scipy-1.10.1 semantic-version-2.10.0 sentencepiece-0.2.0 sentry-sdk-1.42.0 setproctitle-1.3.3 shellingham-1.5.4 six-1.16.0 smart-open-6.4.0 smmap-5.0.1 sniffio-1.3.1 soundfile-0.12.1 soxr-0.3.7 spacy-3.7.4 spacy-legacy-3.0.12 spacy-loggers-1.0.5 srsly-2.4.8 starlette-0.36.3 submitit-1.5.1 sympy-1.12 thinc-8.2.3 threadpoolctl-3.3.0 tokenizers-0.15.2 tomli-2.0.1 tomlkit-0.12.0 toolz-0.12.1 torch-2.1.0 torchaudio-2.1.0 torchlibrosa-0.1.0 torchmetrics-1.3.1 torchvision-0.16.0 tqdm-4.66.2 transformers-4.38.2 treetable-0.2.5 triton-2.1.0 trove-classifiers-2024.3.3 typer-0.9.0 typing_extensions-4.10.0 tzdata-2024.1 urllib3-2.2.1 uvicorn-0.28.0 virtualenv-20.25.1 wandb-0.16.4 wasabi-1.1.2 wcwidth-0.2.13 weasel-0.3.4 webdataset-0.2.86 websockets-11.0.3 wget-3.2 xformers-0.0.22.post7 xxhash-3.4.1 yarl-1.9.4 zipp-3.18.1
Sat Mar 23 22:10:30 EDT 2024: Job 12181477 finished running, exit code: 1
