Tue Apr 2 09:01:08 EDT 2024: Job 12242246 is allocated resource
Obtaining audiocraft from git+https://github.com/facebookresearch/audiocraft.git@69fea8b290ad1b4b40d28f92d1dfc0ab01dbab85#egg=audiocraft (from -r /h/robzeh/projects/raptune/requirements.txt (line 12))
  Skipping because already up-to-date.
Requirement already satisfied: aiofiles==23.2.1 in /fs01/home/robzeh/projects/raptune/raptune_venv/lib/python3.9/site-packages (from -r /h/robzeh/projects/raptune/requirements.txt (line 1)) (23.2.1)
Requirement already satisfied: aiohttp==3.9.3 in /fs01/home/robzeh/projects/raptune/raptune_venv/lib/python3.9/site-packages (from -r /h/robzeh/projects/raptune/requirements.txt (line 2)) (3.9.3)
Requirement already satisfied: aiosignal==1.3.1 in /fs01/home/robzeh/projects/raptune/raptune_venv/lib/python3.9/site-packages (from -r /h/robzeh/projects/raptune/requirements.txt (line 3)) (1.3.1)
Requirement already satisfied: altair==5.2.0 in /fs01/home/robzeh/projects/raptune/raptune_venv/lib/python3.9/site-packages (from -r /h/robzeh/projects/raptune/requirements.txt (line 4)) (5.2.0)
Requirement already satisfied: annotated-types==0.6.0 in /fs01/home/robzeh/projects/raptune/raptune_venv/lib/python3.9/site-packages (from -r /h/robzeh/projects/raptune/requirements.txt (line 5)) (0.6.0)
Requirement already satisfied: annoy==1.17.3 in /fs01/home/robzeh/projects/raptune/raptune_venv/lib/python3.9/site-packages (from -r /h/robzeh/projects/raptune/requirements.txt (line 6)) (1.17.3)
Requirement already satisfied: antlr4-python3-runtime==4.9.3 in /fs01/home/robzeh/projects/raptune/raptune_venv/lib/python3.9/site-packages (from -r /h/robzeh/projects/raptune/requirements.txt (line 7)) (4.9.3)
Requirement already satisfied: anyio==4.3.0 in /fs01/home/robzeh/projects/raptune/raptune_venv/lib/python3.9/site-packages (from -r /h/robzeh/projects/raptune/requirements.txt (line 8)) (4.3.0)
Requirement already satisfied: appdirs==1.4.4 in /fs01/home/robzeh/projects/raptune/raptune_venv/lib/python3.9/site-packages (from -r /h/robzeh/projects/raptune/requirements.txt (line 9)) (1.4.4)
Requirement already satisfied: async-timeout==4.0.3 in /fs01/home/robzeh/projects/raptune/raptune_venv/lib/python3.9/site-packages (from -r /h/robzeh/projects/raptune/requirements.txt (line 10)) (4.0.3)
Requirement already satisfied: attrs==23.2.0 in /fs01/home/robzeh/projects/raptune/raptune_venv/lib/python3.9/site-packages (from -r /h/robzeh/projects/raptune/requirements.txt (line 11)) (23.2.0)
Requirement already satisfied: audioread==3.0.1 in /fs01/home/robzeh/projects/raptune/raptune_venv/lib/python3.9/site-packages (from -r /h/robzeh/projects/raptune/requirements.txt (line 13)) (3.0.1)
Requirement already satisfied: av==11.0.0 in /fs01/home/robzeh/projects/raptune/raptune_venv/lib/python3.9/site-packages (from -r /h/robzeh/projects/raptune/requirements.txt (line 14)) (11.0.0)
Requirement already satisfied: blis==0.7.11 in /fs01/home/robzeh/projects/raptune/raptune_venv/lib/python3.9/site-packages (from -r /h/robzeh/projects/raptune/requirements.txt (line 15)) (0.7.11)
Requirement already satisfied: braceexpand==0.1.7 in /fs01/home/robzeh/projects/raptune/raptune_venv/lib/python3.9/site-packages (from -r /h/robzeh/projects/raptune/requirements.txt (line 16)) (0.1.7)
Requirement already satisfied: build==1.1.1 in /fs01/home/robzeh/projects/raptune/raptune_venv/lib/python3.9/site-packages (from -r /h/robzeh/projects/raptune/requirements.txt (line 17)) (1.1.1)
Requirement already satisfied: CacheControl==0.14.0 in /fs01/home/robzeh/projects/raptune/raptune_venv/lib/python3.9/site-packages (from -r /h/robzeh/projects/raptune/requirements.txt (line 18)) (0.14.0)
Requirement already satisfied: catalogue==2.0.10 in /fs01/home/robzeh/projects/raptune/raptune_venv/lib/python3.9/site-packages (from -r /h/robzeh/projects/raptune/requirements.txt (line 19)) (2.0.10)
Collecting certifi==2024.2.2
  Using cached certifi-2024.2.2-py3-none-any.whl (163 kB)
Requirement already satisfied: cffi==1.16.0 in /fs01/home/robzeh/projects/raptune/raptune_venv/lib/python3.9/site-packages (from -r /h/robzeh/projects/raptune/requirements.txt (line 21)) (1.16.0)
Collecting charset-normalizer==3.3.2
  Using cached charset_normalizer-3.3.2-cp39-cp39-manylinux_2_17_x86_64.manylinux2014_x86_64.whl (142 kB)
Requirement already satisfied: cleo==2.1.0 in /fs01/home/robzeh/projects/raptune/raptune_venv/lib/python3.9/site-packages (from -r /h/robzeh/projects/raptune/requirements.txt (line 23)) (2.1.0)
Requirement already satisfied: click==8.1.7 in /fs01/home/robzeh/projects/raptune/raptune_venv/lib/python3.9/site-packages (from -r /h/robzeh/projects/raptune/requirements.txt (line 24)) (8.1.7)
Requirement already satisfied: cloudpathlib==0.16.0 in /fs01/home/robzeh/projects/raptune/raptune_venv/lib/python3.9/site-packages (from -r /h/robzeh/projects/raptune/requirements.txt (line 25)) (0.16.0)
Requirement already satisfied: cloudpickle==3.0.0 in /fs01/home/robzeh/projects/raptune/raptune_venv/lib/python3.9/site-packages (from -r /h/robzeh/projects/raptune/requirements.txt (line 26)) (3.0.0)
Requirement already satisfied: colorama==0.4.6 in /fs01/home/robzeh/projects/raptune/raptune_venv/lib/python3.9/site-packages (from -r /h/robzeh/projects/raptune/requirements.txt (line 27)) (0.4.6)
Requirement already satisfied: colorlog==6.8.2 in /fs01/home/robzeh/projects/raptune/raptune_venv/lib/python3.9/site-packages (from -r /h/robzeh/projects/raptune/requirements.txt (line 28)) (6.8.2)
Requirement already satisfied: confection==0.1.4 in /fs01/home/robzeh/projects/raptune/raptune_venv/lib/python3.9/site-packages (from -r /h/robzeh/projects/raptune/requirements.txt (line 29)) (0.1.4)
Requirement already satisfied: contourpy==1.2.0 in /fs01/home/robzeh/projects/raptune/raptune_venv/lib/python3.9/site-packages (from -r /h/robzeh/projects/raptune/requirements.txt (line 30)) (1.2.0)
Requirement already satisfied: crashtest==0.4.1 in /fs01/home/robzeh/projects/raptune/raptune_venv/lib/python3.9/site-packages (from -r /h/robzeh/projects/raptune/requirements.txt (line 31)) (0.4.1)
Requirement already satisfied: cryptography==42.0.5 in /fs01/home/robzeh/projects/raptune/raptune_venv/lib/python3.9/site-packages (from -r /h/robzeh/projects/raptune/requirements.txt (line 32)) (42.0.5)
Requirement already satisfied: cycler==0.12.1 in /fs01/home/robzeh/projects/raptune/raptune_venv/lib/python3.9/site-packages (from -r /h/robzeh/projects/raptune/requirements.txt (line 33)) (0.12.1)
Requirement already satisfied: cymem==2.0.8 in /fs01/home/robzeh/projects/raptune/raptune_venv/lib/python3.9/site-packages (from -r /h/robzeh/projects/raptune/requirements.txt (line 34)) (2.0.8)
Requirement already satisfied: datasets==2.18.0 in /fs01/home/robzeh/projects/raptune/raptune_venv/lib/python3.9/site-packages (from -r /h/robzeh/projects/raptune/requirements.txt (line 35)) (2.18.0)
Requirement already satisfied: decorator==5.1.1 in /fs01/home/robzeh/projects/raptune/raptune_venv/lib/python3.9/site-packages (from -r /h/robzeh/projects/raptune/requirements.txt (line 36)) (5.1.1)
Requirement already satisfied: demucs==4.0.1 in /fs01/home/robzeh/projects/raptune/raptune_venv/lib/python3.9/site-packages (from -r /h/robzeh/projects/raptune/requirements.txt (line 37)) (4.0.1)
Requirement already satisfied: dill==0.3.8 in /fs01/home/robzeh/projects/raptune/raptune_venv/lib/python3.9/site-packages (from -r /h/robzeh/projects/raptune/requirements.txt (line 38)) (0.3.8)
Requirement already satisfied: distlib==0.3.8 in /fs01/home/robzeh/projects/raptune/raptune_venv/lib/python3.9/site-packages (from -r /h/robzeh/projects/raptune/requirements.txt (line 39)) (0.3.8)
Requirement already satisfied: docker-pycreds==0.4.0 in /fs01/home/robzeh/projects/raptune/raptune_venv/lib/python3.9/site-packages (from -r /h/robzeh/projects/raptune/requirements.txt (line 40)) (0.4.0)
Requirement already satisfied: docopt==0.6.2 in /fs01/home/robzeh/projects/raptune/raptune_venv/lib/python3.9/site-packages (from -r /h/robzeh/projects/raptune/requirements.txt (line 41)) (0.6.2)
Requirement already satisfied: dora_search==0.1.12 in /fs01/home/robzeh/projects/raptune/raptune_venv/lib/python3.9/site-packages (from -r /h/robzeh/projects/raptune/requirements.txt (line 42)) (0.1.12)
Requirement already satisfied: dulwich==0.21.7 in /fs01/home/robzeh/projects/raptune/raptune_venv/lib/python3.9/site-packages (from -r /h/robzeh/projects/raptune/requirements.txt (line 43)) (0.21.7)
Collecting einops==0.7.0
  Using cached einops-0.7.0-py3-none-any.whl (44 kB)
Requirement already satisfied: encodec==0.1.1 in /fs01/home/robzeh/projects/raptune/raptune_venv/lib/python3.9/site-packages (from -r /h/robzeh/projects/raptune/requirements.txt (line 45)) (0.1.1)
Requirement already satisfied: exceptiongroup==1.2.0 in /fs01/home/robzeh/projects/raptune/raptune_venv/lib/python3.9/site-packages (from -r /h/robzeh/projects/raptune/requirements.txt (line 46)) (1.2.0)
Requirement already satisfied: fastapi==0.110.0 in /fs01/home/robzeh/projects/raptune/raptune_venv/lib/python3.9/site-packages (from -r /h/robzeh/projects/raptune/requirements.txt (line 47)) (0.110.0)
Requirement already satisfied: fastjsonschema==2.19.1 in /fs01/home/robzeh/projects/raptune/raptune_venv/lib/python3.9/site-packages (from -r /h/robzeh/projects/raptune/requirements.txt (line 48)) (2.19.1)
Requirement already satisfied: ffmpy==0.3.2 in /fs01/home/robzeh/projects/raptune/raptune_venv/lib/python3.9/site-packages (from -r /h/robzeh/projects/raptune/requirements.txt (line 49)) (0.3.2)
Collecting filelock==3.13.1
  Using cached filelock-3.13.1-py3-none-any.whl (11 kB)
Requirement already satisfied: flashy==0.0.2 in /fs01/home/robzeh/projects/raptune/raptune_venv/lib/python3.9/site-packages (from -r /h/robzeh/projects/raptune/requirements.txt (line 51)) (0.0.2)
Requirement already satisfied: fonttools==4.50.0 in /fs01/home/robzeh/projects/raptune/raptune_venv/lib/python3.9/site-packages (from -r /h/robzeh/projects/raptune/requirements.txt (line 52)) (4.50.0)
Requirement already satisfied: frozenlist==1.4.1 in /fs01/home/robzeh/projects/raptune/raptune_venv/lib/python3.9/site-packages (from -r /h/robzeh/projects/raptune/requirements.txt (line 53)) (1.4.1)
Collecting fsspec==2024.2.0
  Using cached fsspec-2024.2.0-py3-none-any.whl (170 kB)
Collecting ftfy==6.2.0
  Using cached ftfy-6.2.0-py3-none-any.whl (54 kB)
Collecting gitdb==4.0.11
  Using cached gitdb-4.0.11-py3-none-any.whl (62 kB)
Collecting GitPython==3.1.42
  Using cached GitPython-3.1.42-py3-none-any.whl (195 kB)
Requirement already satisfied: gradio==4.21.0 in /fs01/home/robzeh/projects/raptune/raptune_venv/lib/python3.9/site-packages (from -r /h/robzeh/projects/raptune/requirements.txt (line 58)) (4.21.0)
Requirement already satisfied: gradio_client==0.12.0 in /fs01/home/robzeh/projects/raptune/raptune_venv/lib/python3.9/site-packages (from -r /h/robzeh/projects/raptune/requirements.txt (line 59)) (0.12.0)
Requirement already satisfied: h11==0.14.0 in /fs01/home/robzeh/projects/raptune/raptune_venv/lib/python3.9/site-packages (from -r /h/robzeh/projects/raptune/requirements.txt (line 60)) (0.14.0)
Collecting h5py==3.10.0
  Using cached h5py-3.10.0-cp39-cp39-manylinux_2_17_x86_64.manylinux2014_x86_64.whl (4.8 MB)
Requirement already satisfied: httpcore==1.0.4 in /fs01/home/robzeh/projects/raptune/raptune_venv/lib/python3.9/site-packages (from -r /h/robzeh/projects/raptune/requirements.txt (line 62)) (1.0.4)
Requirement already satisfied: httpx==0.27.0 in /fs01/home/robzeh/projects/raptune/raptune_venv/lib/python3.9/site-packages (from -r /h/robzeh/projects/raptune/requirements.txt (line 63)) (0.27.0)
Collecting huggingface-hub==0.21.4
  Using cached huggingface_hub-0.21.4-py3-none-any.whl (346 kB)
Requirement already satisfied: hydra-colorlog==1.2.0 in /fs01/home/robzeh/projects/raptune/raptune_venv/lib/python3.9/site-packages (from -r /h/robzeh/projects/raptune/requirements.txt (line 65)) (1.2.0)
Requirement already satisfied: hydra-core==1.3.2 in /fs01/home/robzeh/projects/raptune/raptune_venv/lib/python3.9/site-packages (from -r /h/robzeh/projects/raptune/requirements.txt (line 66)) (1.3.2)
Collecting idna==3.6
  Using cached idna-3.6-py3-none-any.whl (61 kB)
Requirement already satisfied: importlib_metadata==7.0.2 in /fs01/home/robzeh/projects/raptune/raptune_venv/lib/python3.9/site-packages (from -r /h/robzeh/projects/raptune/requirements.txt (line 68)) (7.0.2)
Requirement already satisfied: importlib_resources==6.3.1 in /fs01/home/robzeh/projects/raptune/raptune_venv/lib/python3.9/site-packages (from -r /h/robzeh/projects/raptune/requirements.txt (line 69)) (6.3.1)
Requirement already satisfied: installer==0.7.0 in /fs01/home/robzeh/projects/raptune/raptune_venv/lib/python3.9/site-packages (from -r /h/robzeh/projects/raptune/requirements.txt (line 70)) (0.7.0)
Requirement already satisfied: jaraco.classes==3.3.1 in /fs01/home/robzeh/projects/raptune/raptune_venv/lib/python3.9/site-packages (from -r /h/robzeh/projects/raptune/requirements.txt (line 71)) (3.3.1)
Requirement already satisfied: jeepney==0.8.0 in /fs01/home/robzeh/projects/raptune/raptune_venv/lib/python3.9/site-packages (from -r /h/robzeh/projects/raptune/requirements.txt (line 72)) (0.8.0)
Requirement already satisfied: Jinja2==3.1.3 in /fs01/home/robzeh/projects/raptune/raptune_venv/lib/python3.9/site-packages (from -r /h/robzeh/projects/raptune/requirements.txt (line 73)) (3.1.3)
Requirement already satisfied: joblib==1.3.2 in /fs01/home/robzeh/projects/raptune/raptune_venv/lib/python3.9/site-packages (from -r /h/robzeh/projects/raptune/requirements.txt (line 74)) (1.3.2)
Requirement already satisfied: jsonschema==4.21.1 in /fs01/home/robzeh/projects/raptune/raptune_venv/lib/python3.9/site-packages (from -r /h/robzeh/projects/raptune/requirements.txt (line 75)) (4.21.1)
Requirement already satisfied: jsonschema-specifications==2023.12.1 in /fs01/home/robzeh/projects/raptune/raptune_venv/lib/python3.9/site-packages (from -r /h/robzeh/projects/raptune/requirements.txt (line 76)) (2023.12.1)
Requirement already satisfied: julius==0.2.7 in /fs01/home/robzeh/projects/raptune/raptune_venv/lib/python3.9/site-packages (from -r /h/robzeh/projects/raptune/requirements.txt (line 77)) (0.2.7)
Requirement already satisfied: keyring==24.3.1 in /fs01/home/robzeh/projects/raptune/raptune_venv/lib/python3.9/site-packages (from -r /h/robzeh/projects/raptune/requirements.txt (line 78)) (24.3.1)
Requirement already satisfied: kiwisolver==1.4.5 in /fs01/home/robzeh/projects/raptune/raptune_venv/lib/python3.9/site-packages (from -r /h/robzeh/projects/raptune/requirements.txt (line 79)) (1.4.5)
Collecting laion-clap==1.1.2
  Using cached laion_clap-1.1.2-py3-none-any.whl (1.5 MB)
Requirement already satisfied: lameenc==1.7.0 in /fs01/home/robzeh/projects/raptune/raptune_venv/lib/python3.9/site-packages (from -r /h/robzeh/projects/raptune/requirements.txt (line 81)) (1.7.0)
Requirement already satisfied: langcodes==3.3.0 in /fs01/home/robzeh/projects/raptune/raptune_venv/lib/python3.9/site-packages (from -r /h/robzeh/projects/raptune/requirements.txt (line 82)) (3.3.0)
Requirement already satisfied: lazy_loader==0.3 in /fs01/home/robzeh/projects/raptune/raptune_venv/lib/python3.9/site-packages (from -r /h/robzeh/projects/raptune/requirements.txt (line 83)) (0.3)
Requirement already satisfied: librosa==0.10.1 in /fs01/home/robzeh/projects/raptune/raptune_venv/lib/python3.9/site-packages (from -r /h/robzeh/projects/raptune/requirements.txt (line 84)) (0.10.1)
Requirement already satisfied: lightning-utilities==0.10.1 in /fs01/home/robzeh/projects/raptune/raptune_venv/lib/python3.9/site-packages (from -r /h/robzeh/projects/raptune/requirements.txt (line 85)) (0.10.1)
Collecting llvmlite==0.42.0
  Using cached llvmlite-0.42.0-cp39-cp39-manylinux_2_17_x86_64.manylinux2014_x86_64.whl (43.8 MB)
Requirement already satisfied: markdown-it-py==3.0.0 in /fs01/home/robzeh/projects/raptune/raptune_venv/lib/python3.9/site-packages (from -r /h/robzeh/projects/raptune/requirements.txt (line 87)) (3.0.0)
Collecting MarkupSafe==2.1.5
  Using cached MarkupSafe-2.1.5-cp39-cp39-manylinux_2_17_x86_64.manylinux2014_x86_64.whl (25 kB)
Requirement already satisfied: matplotlib==3.8.3 in /fs01/home/robzeh/projects/raptune/raptune_venv/lib/python3.9/site-packages (from -r /h/robzeh/projects/raptune/requirements.txt (line 89)) (3.8.3)
Requirement already satisfied: mdurl==0.1.2 in /fs01/home/robzeh/projects/raptune/raptune_venv/lib/python3.9/site-packages (from -r /h/robzeh/projects/raptune/requirements.txt (line 90)) (0.1.2)
Requirement already satisfied: more-itertools==10.2.0 in /fs01/home/robzeh/projects/raptune/raptune_venv/lib/python3.9/site-packages (from -r /h/robzeh/projects/raptune/requirements.txt (line 91)) (10.2.0)
Requirement already satisfied: mpmath==1.3.0 in /fs01/home/robzeh/projects/raptune/raptune_venv/lib/python3.9/site-packages (from -r /h/robzeh/projects/raptune/requirements.txt (line 92)) (1.3.0)
Collecting msgpack==1.0.8
  Using cached msgpack-1.0.8-cp39-cp39-manylinux_2_17_x86_64.manylinux2014_x86_64.whl (385 kB)
Requirement already satisfied: multidict==6.0.5 in /fs01/home/robzeh/projects/raptune/raptune_venv/lib/python3.9/site-packages (from -r /h/robzeh/projects/raptune/requirements.txt (line 94)) (6.0.5)
Requirement already satisfied: multiprocess==0.70.16 in /fs01/home/robzeh/projects/raptune/raptune_venv/lib/python3.9/site-packages (from -r /h/robzeh/projects/raptune/requirements.txt (line 95)) (0.70.16)
Requirement already satisfied: murmurhash==1.0.10 in /fs01/home/robzeh/projects/raptune/raptune_venv/lib/python3.9/site-packages (from -r /h/robzeh/projects/raptune/requirements.txt (line 96)) (1.0.10)
Collecting networkx==3.2.1
  Using cached networkx-3.2.1-py3-none-any.whl (1.6 MB)
Requirement already satisfied: num2words==0.5.13 in /fs01/home/robzeh/projects/raptune/raptune_venv/lib/python3.9/site-packages (from -r /h/robzeh/projects/raptune/requirements.txt (line 98)) (0.5.13)
Collecting numba==0.59.0
  Using cached numba-0.59.0-cp39-cp39-manylinux2014_x86_64.manylinux_2_17_x86_64.whl (3.7 MB)
Collecting numpy==1.23.4
  Using cached numpy-1.23.4-cp39-cp39-manylinux_2_17_x86_64.manylinux2014_x86_64.whl (17.1 MB)
Requirement already satisfied: nvidia-cublas-cu12==12.1.3.1 in /fs01/home/robzeh/projects/raptune/raptune_venv/lib/python3.9/site-packages (from -r /h/robzeh/projects/raptune/requirements.txt (line 101)) (12.1.3.1)
Requirement already satisfied: nvidia-cuda-cupti-cu12==12.1.105 in /fs01/home/robzeh/projects/raptune/raptune_venv/lib/python3.9/site-packages (from -r /h/robzeh/projects/raptune/requirements.txt (line 102)) (12.1.105)
Requirement already satisfied: nvidia-cuda-nvrtc-cu12==12.1.105 in /fs01/home/robzeh/projects/raptune/raptune_venv/lib/python3.9/site-packages (from -r /h/robzeh/projects/raptune/requirements.txt (line 103)) (12.1.105)
Requirement already satisfied: nvidia-cuda-runtime-cu12==12.1.105 in /fs01/home/robzeh/projects/raptune/raptune_venv/lib/python3.9/site-packages (from -r /h/robzeh/projects/raptune/requirements.txt (line 104)) (12.1.105)
Requirement already satisfied: nvidia-cudnn-cu12==8.9.2.26 in /fs01/home/robzeh/projects/raptune/raptune_venv/lib/python3.9/site-packages (from -r /h/robzeh/projects/raptune/requirements.txt (line 105)) (8.9.2.26)
Requirement already satisfied: nvidia-cufft-cu12==11.0.2.54 in /fs01/home/robzeh/projects/raptune/raptune_venv/lib/python3.9/site-packages (from -r /h/robzeh/projects/raptune/requirements.txt (line 106)) (11.0.2.54)
Requirement already satisfied: nvidia-curand-cu12==10.3.2.106 in /fs01/home/robzeh/projects/raptune/raptune_venv/lib/python3.9/site-packages (from -r /h/robzeh/projects/raptune/requirements.txt (line 107)) (10.3.2.106)
Requirement already satisfied: nvidia-cusolver-cu12==11.4.5.107 in /fs01/home/robzeh/projects/raptune/raptune_venv/lib/python3.9/site-packages (from -r /h/robzeh/projects/raptune/requirements.txt (line 108)) (11.4.5.107)
Requirement already satisfied: nvidia-cusparse-cu12==12.1.0.106 in /fs01/home/robzeh/projects/raptune/raptune_venv/lib/python3.9/site-packages (from -r /h/robzeh/projects/raptune/requirements.txt (line 109)) (12.1.0.106)
Requirement already satisfied: nvidia-nccl-cu12==2.18.1 in /fs01/home/robzeh/projects/raptune/raptune_venv/lib/python3.9/site-packages (from -r /h/robzeh/projects/raptune/requirements.txt (line 110)) (2.18.1)
Requirement already satisfied: nvidia-nvjitlink-cu12==12.4.99 in /fs01/home/robzeh/projects/raptune/raptune_venv/lib/python3.9/site-packages (from -r /h/robzeh/projects/raptune/requirements.txt (line 111)) (12.4.99)
Requirement already satisfied: nvidia-nvtx-cu12==12.1.105 in /fs01/home/robzeh/projects/raptune/raptune_venv/lib/python3.9/site-packages (from -r /h/robzeh/projects/raptune/requirements.txt (line 112)) (12.1.105)
Requirement already satisfied: omegaconf==2.3.0 in /fs01/home/robzeh/projects/raptune/raptune_venv/lib/python3.9/site-packages (from -r /h/robzeh/projects/raptune/requirements.txt (line 113)) (2.3.0)
Requirement already satisfied: openunmix==1.2.1 in /fs01/home/robzeh/projects/raptune/raptune_venv/lib/python3.9/site-packages (from -r /h/robzeh/projects/raptune/requirements.txt (line 114)) (1.2.1)
Requirement already satisfied: orjson==3.9.15 in /fs01/home/robzeh/projects/raptune/raptune_venv/lib/python3.9/site-packages (from -r /h/robzeh/projects/raptune/requirements.txt (line 115)) (3.9.15)
Collecting packaging==24.0
  Using cached packaging-24.0-py3-none-any.whl (53 kB)
Collecting pandas==2.2.1
  Using cached pandas-2.2.1-cp39-cp39-manylinux_2_17_x86_64.manylinux2014_x86_64.whl (13.0 MB)
Requirement already satisfied: pexpect==4.9.0 in /fs01/home/robzeh/projects/raptune/raptune_venv/lib/python3.9/site-packages (from -r /h/robzeh/projects/raptune/requirements.txt (line 118)) (4.9.0)
Requirement already satisfied: pillow==10.2.0 in /fs01/home/robzeh/projects/raptune/raptune_venv/lib/python3.9/site-packages (from -r /h/robzeh/projects/raptune/requirements.txt (line 119)) (10.2.0)
Requirement already satisfied: pkginfo==1.10.0 in /fs01/home/robzeh/projects/raptune/raptune_venv/lib/python3.9/site-packages (from -r /h/robzeh/projects/raptune/requirements.txt (line 120)) (1.10.0)
Collecting platformdirs==4.2.0
  Using cached platformdirs-4.2.0-py3-none-any.whl (17 kB)
Requirement already satisfied: poetry==1.8.2 in /fs01/home/robzeh/projects/raptune/raptune_venv/lib/python3.9/site-packages (from -r /h/robzeh/projects/raptune/requirements.txt (line 122)) (1.8.2)
Requirement already satisfied: poetry-core==1.9.0 in /fs01/home/robzeh/projects/raptune/raptune_venv/lib/python3.9/site-packages (from -r /h/robzeh/projects/raptune/requirements.txt (line 123)) (1.9.0)
Requirement already satisfied: poetry-plugin-export==1.7.0 in /fs01/home/robzeh/projects/raptune/raptune_venv/lib/python3.9/site-packages (from -r /h/robzeh/projects/raptune/requirements.txt (line 124)) (1.7.0)
Collecting pooch==1.8.1
  Using cached pooch-1.8.1-py3-none-any.whl (62 kB)
Requirement already satisfied: preshed==3.0.9 in /fs01/home/robzeh/projects/raptune/raptune_venv/lib/python3.9/site-packages (from -r /h/robzeh/projects/raptune/requirements.txt (line 126)) (3.0.9)
Requirement already satisfied: progressbar==2.5 in /fs01/home/robzeh/projects/raptune/raptune_venv/lib/python3.9/site-packages (from -r /h/robzeh/projects/raptune/requirements.txt (line 127)) (2.5)
Collecting protobuf==4.25.3
  Using cached protobuf-4.25.3-cp37-abi3-manylinux2014_x86_64.whl (294 kB)
Collecting psutil==5.9.8
  Using cached psutil-5.9.8-cp36-abi3-manylinux_2_12_x86_64.manylinux2010_x86_64.manylinux_2_17_x86_64.manylinux2014_x86_64.whl (288 kB)
Requirement already satisfied: ptyprocess==0.7.0 in /fs01/home/robzeh/projects/raptune/raptune_venv/lib/python3.9/site-packages (from -r /h/robzeh/projects/raptune/requirements.txt (line 130)) (0.7.0)
Requirement already satisfied: pyarrow==15.0.1 in /fs01/home/robzeh/projects/raptune/raptune_venv/lib/python3.9/site-packages (from -r /h/robzeh/projects/raptune/requirements.txt (line 131)) (15.0.1)
Requirement already satisfied: pyarrow-hotfix==0.6 in /fs01/home/robzeh/projects/raptune/raptune_venv/lib/python3.9/site-packages (from -r /h/robzeh/projects/raptune/requirements.txt (line 132)) (0.6)
Requirement already satisfied: pycparser==2.21 in /fs01/home/robzeh/projects/raptune/raptune_venv/lib/python3.9/site-packages (from -r /h/robzeh/projects/raptune/requirements.txt (line 133)) (2.21)
Requirement already satisfied: pydantic==2.6.4 in /fs01/home/robzeh/projects/raptune/raptune_venv/lib/python3.9/site-packages (from -r /h/robzeh/projects/raptune/requirements.txt (line 134)) (2.6.4)
Requirement already satisfied: pydantic_core==2.16.3 in /fs01/home/robzeh/projects/raptune/raptune_venv/lib/python3.9/site-packages (from -r /h/robzeh/projects/raptune/requirements.txt (line 135)) (2.16.3)
Requirement already satisfied: pydub==0.25.1 in /fs01/home/robzeh/projects/raptune/raptune_venv/lib/python3.9/site-packages (from -r /h/robzeh/projects/raptune/requirements.txt (line 136)) (0.25.1)
Requirement already satisfied: Pygments==2.17.2 in /fs01/home/robzeh/projects/raptune/raptune_venv/lib/python3.9/site-packages (from -r /h/robzeh/projects/raptune/requirements.txt (line 137)) (2.17.2)
Requirement already satisfied: pyparsing==3.1.2 in /fs01/home/robzeh/projects/raptune/raptune_venv/lib/python3.9/site-packages (from -r /h/robzeh/projects/raptune/requirements.txt (line 138)) (3.1.2)
Requirement already satisfied: pyproject_hooks==1.0.0 in /fs01/home/robzeh/projects/raptune/raptune_venv/lib/python3.9/site-packages (from -r /h/robzeh/projects/raptune/requirements.txt (line 139)) (1.0.0)
Collecting python-dateutil==2.9.0.post0
  Using cached python_dateutil-2.9.0.post0-py2.py3-none-any.whl (229 kB)
Requirement already satisfied: python-multipart==0.0.9 in /fs01/home/robzeh/projects/raptune/raptune_venv/lib/python3.9/site-packages (from -r /h/robzeh/projects/raptune/requirements.txt (line 141)) (0.0.9)
Collecting pytz==2024.1
  Using cached pytz-2024.1-py2.py3-none-any.whl (505 kB)
Requirement already satisfied: PyYAML==6.0.1 in /fs01/home/robzeh/projects/raptune/raptune_venv/lib/python3.9/site-packages (from -r /h/robzeh/projects/raptune/requirements.txt (line 143)) (6.0.1)
Requirement already satisfied: rapidfuzz==3.6.2 in /fs01/home/robzeh/projects/raptune/raptune_venv/lib/python3.9/site-packages (from -r /h/robzeh/projects/raptune/requirements.txt (line 144)) (3.6.2)
Requirement already satisfied: referencing==0.34.0 in /fs01/home/robzeh/projects/raptune/raptune_venv/lib/python3.9/site-packages (from -r /h/robzeh/projects/raptune/requirements.txt (line 145)) (0.34.0)
Collecting regex==2023.12.25
  Using cached regex-2023.12.25-cp39-cp39-manylinux_2_17_x86_64.manylinux2014_x86_64.whl (773 kB)
Requirement already satisfied: requests==2.31.0 in /fs01/home/robzeh/projects/raptune/raptune_venv/lib/python3.9/site-packages (from -r /h/robzeh/projects/raptune/requirements.txt (line 147)) (2.31.0)
Requirement already satisfied: requests-toolbelt==1.0.0 in /fs01/home/robzeh/projects/raptune/raptune_venv/lib/python3.9/site-packages (from -r /h/robzeh/projects/raptune/requirements.txt (line 148)) (1.0.0)
Collecting resampy==0.4.3
  Using cached resampy-0.4.3-py3-none-any.whl (3.1 MB)
Requirement already satisfied: retrying==1.3.4 in /fs01/home/robzeh/projects/raptune/raptune_venv/lib/python3.9/site-packages (from -r /h/robzeh/projects/raptune/requirements.txt (line 150)) (1.3.4)
Requirement already satisfied: rich==13.7.1 in /fs01/home/robzeh/projects/raptune/raptune_venv/lib/python3.9/site-packages (from -r /h/robzeh/projects/raptune/requirements.txt (line 151)) (13.7.1)
Requirement already satisfied: rpds-py==0.18.0 in /fs01/home/robzeh/projects/raptune/raptune_venv/lib/python3.9/site-packages (from -r /h/robzeh/projects/raptune/requirements.txt (line 152)) (0.18.0)
Requirement already satisfied: ruff==0.3.3 in /fs01/home/robzeh/projects/raptune/raptune_venv/lib/python3.9/site-packages (from -r /h/robzeh/projects/raptune/requirements.txt (line 153)) (0.3.3)
Collecting safetensors==0.4.2
  Using cached safetensors-0.4.2-cp39-cp39-manylinux_2_17_x86_64.manylinux2014_x86_64.whl (1.3 MB)
Collecting scikit-learn==1.4.1.post1
  Using cached scikit_learn-1.4.1.post1-cp39-cp39-manylinux_2_17_x86_64.manylinux2014_x86_64.whl (12.2 MB)
Collecting scipy==1.10.1
  Using cached scipy-1.10.1-cp39-cp39-manylinux_2_17_x86_64.manylinux2014_x86_64.whl (34.5 MB)
Requirement already satisfied: SecretStorage==3.3.3 in /fs01/home/robzeh/projects/raptune/raptune_venv/lib/python3.9/site-packages (from -r /h/robzeh/projects/raptune/requirements.txt (line 157)) (3.3.3)
Requirement already satisfied: semantic-version==2.10.0 in /fs01/home/robzeh/projects/raptune/raptune_venv/lib/python3.9/site-packages (from -r /h/robzeh/projects/raptune/requirements.txt (line 158)) (2.10.0)
Requirement already satisfied: sentencepiece==0.2.0 in /fs01/home/robzeh/projects/raptune/raptune_venv/lib/python3.9/site-packages (from -r /h/robzeh/projects/raptune/requirements.txt (line 159)) (0.2.0)
Collecting sentry-sdk==1.42.0
  Using cached sentry_sdk-1.42.0-py2.py3-none-any.whl (263 kB)
Collecting setproctitle==1.3.3
  Using cached setproctitle-1.3.3-cp39-cp39-manylinux_2_5_x86_64.manylinux1_x86_64.manylinux_2_17_x86_64.manylinux2014_x86_64.whl (30 kB)
Requirement already satisfied: shellingham==1.5.4 in /fs01/home/robzeh/projects/raptune/raptune_venv/lib/python3.9/site-packages (from -r /h/robzeh/projects/raptune/requirements.txt (line 162)) (1.5.4)
Requirement already satisfied: six==1.16.0 in /fs01/home/robzeh/projects/raptune/raptune_venv/lib/python3.9/site-packages (from -r /h/robzeh/projects/raptune/requirements.txt (line 163)) (1.16.0)
Requirement already satisfied: smart-open==6.4.0 in /fs01/home/robzeh/projects/raptune/raptune_venv/lib/python3.9/site-packages (from -r /h/robzeh/projects/raptune/requirements.txt (line 164)) (6.4.0)
Requirement already satisfied: smmap==5.0.1 in /fs01/home/robzeh/projects/raptune/raptune_venv/lib/python3.9/site-packages (from -r /h/robzeh/projects/raptune/requirements.txt (line 165)) (5.0.1)
Requirement already satisfied: sniffio==1.3.1 in /fs01/home/robzeh/projects/raptune/raptune_venv/lib/python3.9/site-packages (from -r /h/robzeh/projects/raptune/requirements.txt (line 166)) (1.3.1)
Requirement already satisfied: soundfile==0.12.1 in /fs01/home/robzeh/projects/raptune/raptune_venv/lib/python3.9/site-packages (from -r /h/robzeh/projects/raptune/requirements.txt (line 167)) (0.12.1)
Collecting soxr==0.3.7
  Using cached soxr-0.3.7-cp39-cp39-manylinux_2_17_x86_64.manylinux2014_x86_64.whl (1.2 MB)
Requirement already satisfied: spacy==3.7.4 in /fs01/home/robzeh/projects/raptune/raptune_venv/lib/python3.9/site-packages (from -r /h/robzeh/projects/raptune/requirements.txt (line 169)) (3.7.4)
Requirement already satisfied: spacy-legacy==3.0.12 in /fs01/home/robzeh/projects/raptune/raptune_venv/lib/python3.9/site-packages (from -r /h/robzeh/projects/raptune/requirements.txt (line 170)) (3.0.12)
Requirement already satisfied: spacy-loggers==1.0.5 in /fs01/home/robzeh/projects/raptune/raptune_venv/lib/python3.9/site-packages (from -r /h/robzeh/projects/raptune/requirements.txt (line 171)) (1.0.5)
Requirement already satisfied: srsly==2.4.8 in /fs01/home/robzeh/projects/raptune/raptune_venv/lib/python3.9/site-packages (from -r /h/robzeh/projects/raptune/requirements.txt (line 172)) (2.4.8)
Requirement already satisfied: starlette==0.36.3 in /fs01/home/robzeh/projects/raptune/raptune_venv/lib/python3.9/site-packages (from -r /h/robzeh/projects/raptune/requirements.txt (line 173)) (0.36.3)
Requirement already satisfied: submitit==1.5.1 in /fs01/home/robzeh/projects/raptune/raptune_venv/lib/python3.9/site-packages (from -r /h/robzeh/projects/raptune/requirements.txt (line 174)) (1.5.1)
Requirement already satisfied: sympy==1.12 in /fs01/home/robzeh/projects/raptune/raptune_venv/lib/python3.9/site-packages (from -r /h/robzeh/projects/raptune/requirements.txt (line 175)) (1.12)
Requirement already satisfied: thinc==8.2.3 in /fs01/home/robzeh/projects/raptune/raptune_venv/lib/python3.9/site-packages (from -r /h/robzeh/projects/raptune/requirements.txt (line 176)) (8.2.3)
Collecting threadpoolctl==3.3.0
  Using cached threadpoolctl-3.3.0-py3-none-any.whl (17 kB)
Collecting tokenizers==0.15.2
  Using cached tokenizers-0.15.2-cp39-cp39-manylinux_2_17_x86_64.manylinux2014_x86_64.whl (3.6 MB)
Requirement already satisfied: tomli==2.0.1 in /fs01/home/robzeh/projects/raptune/raptune_venv/lib/python3.9/site-packages (from -r /h/robzeh/projects/raptune/requirements.txt (line 179)) (2.0.1)
Requirement already satisfied: tomlkit==0.12.0 in /fs01/home/robzeh/projects/raptune/raptune_venv/lib/python3.9/site-packages (from -r /h/robzeh/projects/raptune/requirements.txt (line 180)) (0.12.0)
Requirement already satisfied: toolz==0.12.1 in /fs01/home/robzeh/projects/raptune/raptune_venv/lib/python3.9/site-packages (from -r /h/robzeh/projects/raptune/requirements.txt (line 181)) (0.12.1)
Collecting torch==2.1.0
  Using cached torch-2.1.0-cp39-cp39-manylinux1_x86_64.whl (670.2 MB)
Collecting torchaudio==2.1.0
  Using cached torchaudio-2.1.0-cp39-cp39-manylinux1_x86_64.whl (3.3 MB)
Requirement already satisfied: torchlibrosa==0.1.0 in /fs01/home/robzeh/projects/raptune/raptune_venv/lib/python3.9/site-packages (from -r /h/robzeh/projects/raptune/requirements.txt (line 184)) (0.1.0)
Requirement already satisfied: torchmetrics==1.3.1 in /fs01/home/robzeh/projects/raptune/raptune_venv/lib/python3.9/site-packages (from -r /h/robzeh/projects/raptune/requirements.txt (line 185)) (1.3.1)
Collecting torchvision==0.16.0
  Using cached torchvision-0.16.0-cp39-cp39-manylinux1_x86_64.whl (6.9 MB)
Collecting tqdm==4.66.2
  Using cached tqdm-4.66.2-py3-none-any.whl (78 kB)
Collecting transformers==4.39.1
  Using cached transformers-4.39.1-py3-none-any.whl (8.8 MB)
Requirement already satisfied: treetable==0.2.5 in /fs01/home/robzeh/projects/raptune/raptune_venv/lib/python3.9/site-packages (from -r /h/robzeh/projects/raptune/requirements.txt (line 189)) (0.2.5)
Requirement already satisfied: triton==2.1.0 in /fs01/home/robzeh/projects/raptune/raptune_venv/lib/python3.9/site-packages (from -r /h/robzeh/projects/raptune/requirements.txt (line 190)) (2.1.0)
Requirement already satisfied: trove-classifiers==2024.3.3 in /fs01/home/robzeh/projects/raptune/raptune_venv/lib/python3.9/site-packages (from -r /h/robzeh/projects/raptune/requirements.txt (line 191)) (2024.3.3)
Requirement already satisfied: typer==0.9.0 in /fs01/home/robzeh/projects/raptune/raptune_venv/lib/python3.9/site-packages (from -r /h/robzeh/projects/raptune/requirements.txt (line 192)) (0.9.0)
Collecting typing_extensions==4.10.0
  Using cached typing_extensions-4.10.0-py3-none-any.whl (33 kB)
Collecting tzdata==2024.1
  Using cached tzdata-2024.1-py2.py3-none-any.whl (345 kB)
Collecting urllib3==2.2.1
  Using cached urllib3-2.2.1-py3-none-any.whl (121 kB)
Requirement already satisfied: uvicorn==0.28.0 in /fs01/home/robzeh/projects/raptune/raptune_venv/lib/python3.9/site-packages (from -r /h/robzeh/projects/raptune/requirements.txt (line 196)) (0.28.0)
Requirement already satisfied: virtualenv==20.25.1 in /fs01/home/robzeh/projects/raptune/raptune_venv/lib/python3.9/site-packages (from -r /h/robzeh/projects/raptune/requirements.txt (line 197)) (20.25.1)
Collecting wandb==0.16.4
  Using cached wandb-0.16.4-py3-none-any.whl (2.2 MB)
Requirement already satisfied: wasabi==1.1.2 in /fs01/home/robzeh/projects/raptune/raptune_venv/lib/python3.9/site-packages (from -r /h/robzeh/projects/raptune/requirements.txt (line 199)) (1.1.2)
Collecting wcwidth==0.2.13
  Using cached wcwidth-0.2.13-py2.py3-none-any.whl (34 kB)
Requirement already satisfied: weasel==0.3.4 in /fs01/home/robzeh/projects/raptune/raptune_venv/lib/python3.9/site-packages (from -r /h/robzeh/projects/raptune/requirements.txt (line 201)) (0.3.4)
Collecting webdataset==0.2.86
  Using cached webdataset-0.2.86-py3-none-any.whl (70 kB)
Requirement already satisfied: websockets==11.0.3 in /fs01/home/robzeh/projects/raptune/raptune_venv/lib/python3.9/site-packages (from -r /h/robzeh/projects/raptune/requirements.txt (line 203)) (11.0.3)
Requirement already satisfied: wget==3.2 in /fs01/home/robzeh/projects/raptune/raptune_venv/lib/python3.9/site-packages (from -r /h/robzeh/projects/raptune/requirements.txt (line 204)) (3.2)
Requirement already satisfied: xformers==0.0.22.post7 in /fs01/home/robzeh/projects/raptune/raptune_venv/lib/python3.9/site-packages (from -r /h/robzeh/projects/raptune/requirements.txt (line 205)) (0.0.22.post7)
Requirement already satisfied: xxhash==3.4.1 in /fs01/home/robzeh/projects/raptune/raptune_venv/lib/python3.9/site-packages (from -r /h/robzeh/projects/raptune/requirements.txt (line 206)) (3.4.1)
Requirement already satisfied: yarl==1.9.4 in /fs01/home/robzeh/projects/raptune/raptune_venv/lib/python3.9/site-packages (from -r /h/robzeh/projects/raptune/requirements.txt (line 207)) (1.9.4)
Requirement already satisfied: zipp==3.18.1 in /fs01/home/robzeh/projects/raptune/raptune_venv/lib/python3.9/site-packages (from -r /h/robzeh/projects/raptune/requirements.txt (line 208)) (3.18.1)
Requirement already satisfied: fsspec[http]<=2024.2.0,>=2023.1.0 in /fs01/home/robzeh/projects/raptune/raptune_venv/lib/python3.9/site-packages (from datasets==2.18.0->-r /h/robzeh/projects/raptune/requirements.txt (line 35)) (2023.9.2)
Requirement already satisfied: setuptools in /fs01/home/robzeh/projects/raptune/raptune_venv/lib/python3.9/site-packages (from lightning-utilities==0.10.1->-r /h/robzeh/projects/raptune/requirements.txt (line 85)) (68.2.2)
Installing collected packages: typing-extensions, MarkupSafe, filelock, urllib3, numpy, networkx, idna, fsspec, charset-normalizer, certifi, tzdata, tqdm, torch, threadpoolctl, scipy, pytz, python-dateutil, platformdirs, packaging, msgpack, llvmlite, torchaudio, soxr, scikit-learn, pooch, pandas, numba, huggingface-hub, gitdb, wcwidth, tokenizers, setproctitle, sentry-sdk, safetensors, regex, psutil, protobuf, GitPython, einops, webdataset, wandb, transformers, h5py, ftfy, torchvision, resampy, laion-clap, audiocraft
  Attempting uninstall: typing-extensions
    Found existing installation: typing-extensions 4.8.0
    Uninstalling typing-extensions-4.8.0:
      Successfully uninstalled typing-extensions-4.8.0
  Attempting uninstall: MarkupSafe
    Found existing installation: MarkupSafe 2.1.3
    Uninstalling MarkupSafe-2.1.3:
      Successfully uninstalled MarkupSafe-2.1.3
  Attempting uninstall: filelock
    Found existing installation: filelock 3.12.4
    Uninstalling filelock-3.12.4:
      Successfully uninstalled filelock-3.12.4
  Attempting uninstall: urllib3
    Found existing installation: urllib3 2.0.7
    Uninstalling urllib3-2.0.7:
      Successfully uninstalled urllib3-2.0.7
  Attempting uninstall: numpy
    Found existing installation: numpy 1.23.5
    Uninstalling numpy-1.23.5:
      Successfully uninstalled numpy-1.23.5
  Attempting uninstall: networkx
    Found existing installation: networkx 3.1
    Uninstalling networkx-3.1:
      Successfully uninstalled networkx-3.1
  Attempting uninstall: idna
    Found existing installation: idna 3.4
    Uninstalling idna-3.4:
      Successfully uninstalled idna-3.4
  Attempting uninstall: fsspec
    Found existing installation: fsspec 2023.9.2
    Uninstalling fsspec-2023.9.2:
      Successfully uninstalled fsspec-2023.9.2
  Attempting uninstall: charset-normalizer
    Found existing installation: charset-normalizer 3.2.0
    Uninstalling charset-normalizer-3.2.0:
      Successfully uninstalled charset-normalizer-3.2.0
  Attempting uninstall: certifi
    Found existing installation: certifi 2023.7.22
    Uninstalling certifi-2023.7.22:
      Successfully uninstalled certifi-2023.7.22
  Attempting uninstall: tzdata
    Found existing installation: tzdata 2023.3
    Uninstalling tzdata-2023.3:
      Successfully uninstalled tzdata-2023.3
  Attempting uninstall: tqdm
    Found existing installation: tqdm 4.66.1
    Uninstalling tqdm-4.66.1:
      Successfully uninstalled tqdm-4.66.1
  Attempting uninstall: torch
    Found existing installation: torch 2.1.2
    Uninstalling torch-2.1.2:
      Successfully uninstalled torch-2.1.2
  Attempting uninstall: threadpoolctl
    Found existing installation: threadpoolctl 3.2.0
    Uninstalling threadpoolctl-3.2.0:
      Successfully uninstalled threadpoolctl-3.2.0
  Attempting uninstall: scipy
    Found existing installation: scipy 1.11.3
    Uninstalling scipy-1.11.3:
      Successfully uninstalled scipy-1.11.3
  Attempting uninstall: pytz
    Found existing installation: pytz 2023.3.post1
    Uninstalling pytz-2023.3.post1:
      Successfully uninstalled pytz-2023.3.post1
  Attempting uninstall: python-dateutil
    Found existing installation: python-dateutil 2.8.2
    Uninstalling python-dateutil-2.8.2:
      Successfully uninstalled python-dateutil-2.8.2
  Attempting uninstall: platformdirs
    Found existing installation: platformdirs 3.10.0
    Uninstalling platformdirs-3.10.0:
      Successfully uninstalled platformdirs-3.10.0
  Attempting uninstall: packaging
    Found existing installation: packaging 23.1
    Uninstalling packaging-23.1:
      Successfully uninstalled packaging-23.1
  Attempting uninstall: msgpack
    Found existing installation: msgpack 1.0.7
    Uninstalling msgpack-1.0.7:
      Successfully uninstalled msgpack-1.0.7
  Attempting uninstall: llvmlite
    Found existing installation: llvmlite 0.41.0
    Uninstalling llvmlite-0.41.0:
      Successfully uninstalled llvmlite-0.41.0
  Attempting uninstall: torchaudio
    Found existing installation: torchaudio 2.1.2
    Uninstalling torchaudio-2.1.2:
      Successfully uninstalled torchaudio-2.1.2
  Attempting uninstall: soxr
    Found existing installation: soxr 0.3.6
    Uninstalling soxr-0.3.6:
      Successfully uninstalled soxr-0.3.6
  Attempting uninstall: scikit-learn
    Found existing installation: scikit-learn 1.3.1
    Uninstalling scikit-learn-1.3.1:
      Successfully uninstalled scikit-learn-1.3.1
  Attempting uninstall: pooch
    Found existing installation: pooch 1.7.0
    Uninstalling pooch-1.7.0:
      Successfully uninstalled pooch-1.7.0
  Attempting uninstall: pandas
    Found existing installation: pandas 2.1.1
    Uninstalling pandas-2.1.1:
      Successfully uninstalled pandas-2.1.1
  Attempting uninstall: numba
    Found existing installation: numba 0.58.0
    Uninstalling numba-0.58.0:
      Successfully uninstalled numba-0.58.0
  Attempting uninstall: huggingface-hub
    Found existing installation: huggingface-hub 0.20.1
    Uninstalling huggingface-hub-0.20.1:
      Successfully uninstalled huggingface-hub-0.20.1
  Attempting uninstall: gitdb
    Found existing installation: gitdb 4.0.10
    Uninstalling gitdb-4.0.10:
      Successfully uninstalled gitdb-4.0.10
  Attempting uninstall: wcwidth
    Found existing installation: wcwidth 0.2.7
    Uninstalling wcwidth-0.2.7:
      Successfully uninstalled wcwidth-0.2.7
  Attempting uninstall: tokenizers
    Found existing installation: tokenizers 0.15.0
    Uninstalling tokenizers-0.15.0:
      Successfully uninstalled tokenizers-0.15.0
  Attempting uninstall: setproctitle
    Found existing installation: setproctitle 1.3.2
    Uninstalling setproctitle-1.3.2:
      Successfully uninstalled setproctitle-1.3.2
  Attempting uninstall: sentry-sdk
    Found existing installation: sentry-sdk 1.31.0
    Uninstalling sentry-sdk-1.31.0:
      Successfully uninstalled sentry-sdk-1.31.0
  Attempting uninstall: safetensors
    Found existing installation: safetensors 0.3.3
    Uninstalling safetensors-0.3.3:
      Successfully uninstalled safetensors-0.3.3
  Attempting uninstall: regex
    Found existing installation: regex 2023.8.8
    Uninstalling regex-2023.8.8:
      Successfully uninstalled regex-2023.8.8
  Attempting uninstall: psutil
    Found existing installation: psutil 5.9.5
    Uninstalling psutil-5.9.5:
      Successfully uninstalled psutil-5.9.5
  Attempting uninstall: protobuf
    Found existing installation: protobuf 4.24.3
    Uninstalling protobuf-4.24.3:
      Successfully uninstalled protobuf-4.24.3
  Attempting uninstall: GitPython
    Found existing installation: GitPython 3.1.41
    Uninstalling GitPython-3.1.41:
      Successfully uninstalled GitPython-3.1.41
  Attempting uninstall: einops
    Found existing installation: einops 0.6.1
    Uninstalling einops-0.6.1:
      Successfully uninstalled einops-0.6.1
  Attempting uninstall: webdataset
    Found existing installation: webdataset 0.2.57
    Uninstalling webdataset-0.2.57:
      Successfully uninstalled webdataset-0.2.57
  Attempting uninstall: wandb
    Found existing installation: wandb 0.15.11
    Uninstalling wandb-0.15.11:
      Successfully uninstalled wandb-0.15.11
  Attempting uninstall: transformers
    Found existing installation: transformers 4.36.0
    Uninstalling transformers-4.36.0:
      Successfully uninstalled transformers-4.36.0
  Attempting uninstall: h5py
    Found existing installation: h5py 3.9.0
    Uninstalling h5py-3.9.0:
      Successfully uninstalled h5py-3.9.0
  Attempting uninstall: ftfy
    Found existing installation: ftfy 6.1.1
    Uninstalling ftfy-6.1.1:
      Successfully uninstalled ftfy-6.1.1
  Attempting uninstall: torchvision
    Found existing installation: torchvision 0.16.2
    Uninstalling torchvision-0.16.2:
      Successfully uninstalled torchvision-0.16.2
  Attempting uninstall: resampy
    Found existing installation: resampy 0.4.2
    Uninstalling resampy-0.4.2:
      Successfully uninstalled resampy-0.4.2
  Attempting uninstall: laion-clap
    Found existing installation: laion-clap 1.1.4
    Uninstalling laion-clap-1.1.4:
      Successfully uninstalled laion-clap-1.1.4
  Attempting uninstall: audiocraft
    Found existing installation: audiocraft 1.3.0a1
    Uninstalling audiocraft-1.3.0a1:
      Successfully uninstalled audiocraft-1.3.0a1
  Running setup.py develop for audiocraft
Successfully installed GitPython-3.1.42 MarkupSafe-2.1.5 audiocraft-1.3.0a1 certifi-2024.2.2 charset-normalizer-3.3.2 einops-0.7.0 filelock-3.13.1 fsspec-2024.2.0 ftfy-6.2.0 gitdb-4.0.11 h5py-3.10.0 huggingface-hub-0.21.4 idna-3.6 laion-clap-1.1.2 llvmlite-0.42.0 msgpack-1.0.8 networkx-3.2.1 numba-0.59.0 numpy-1.23.4 packaging-24.0 pandas-2.2.1 platformdirs-4.2.0 pooch-1.8.1 protobuf-4.25.3 psutil-5.9.8 python-dateutil-2.9.0.post0 pytz-2024.1 regex-2023.12.25 resampy-0.4.3 safetensors-0.4.2 scikit-learn-1.4.1.post1 scipy-1.10.1 sentry-sdk-1.42.0 setproctitle-1.3.3 soxr-0.3.7 threadpoolctl-3.3.0 tokenizers-0.15.2 torch-2.1.0 torchaudio-2.1.0 torchvision-0.16.0 tqdm-4.66.2 transformers-4.39.1 typing-extensions-4.10.0 tzdata-2024.1 urllib3-2.2.1 wandb-0.16.4 wcwidth-0.2.13 webdataset-0.2.86
[09:05:28] MusicCaps length: 5410             generate_qualities_augmented.py:37
           Already generated 0 files          generate_qualities_augmented.py:38
           Left to generate: 5410             generate_qualities_augmented.py:40
[09:05:51] [                                  generate_qualities_augmented.py:83
               "This song contains a male                                       
           voice singing in a higher pitch, a                                   
           digital drum string playing a                                        
           simple repeating melody. This song                                   
           may be playing at home having a                                      
           romantic time with your partner                                      
           dancing. This has elements of                                        
           ['low quality audio pop song                                         
           holiday mood male voice synth                                        
           synth pads simple percussion                                         
           keyboard bass slow tempo',                                           
           'amateur recording background song                                   
           r&b sensual medium tempo male                                        
           voice singing in higher pitch',                                      
           'male vocalist medium fast tempo                                     
           off key singing relatable simple                                     
           melody funny homer simpson cover                                     
           home video amateur singing                                           
           animated childish lyrics keyboard                                    
           harmony steady drumming simple                                       
           bass lines auto tune rhythmic                                        
           acoustic guitar']",                                                  
               "This track is purely                                            
           percussion and features fast paced                                   
           playing of rim shots, tom drums                                      
           and a kick drum. There's also a                                      
           clapping hands effect. This has                                      
           elements of ['instrumental fast                                      
           tempo percussion cymbal rides                                        
           steady drumming snare drums                                          
           cymbals bass drum auxiliary                                          
           percussion instruments tom-toms                                      
           floor tom-tom hi-hat cymbals                                         
           steady drumming simple drumming                                      
           style drum solo tutorial',                                           
           'instrumental fast tempo intense                                     
           loud rhythmic drum battle catchy                                     
           infectious lively drum routine                                       
           percussion instrument percussive                                     
           instrumental loud rhythmic',                                         
           'percussion track fast paced rim                                     
           shots clapping hands tom drum kick                                   
           drum']",                                                             
               "This is a jazz music piece.                                     
           There is a saxophone playing a                                       
           solo in the lead. A tuba is                                          
           playing the bass line. There is an                                   
           electric guitar strumming chords.                                    
           The rhythm is being played on the                                    
           ride cymbal by the acoustic drums.                                   
           The instrumentals have a                                             
           sophisticated feel. This piece                                       
           could be playing in the background                                   
           at a classy restaurant. This has                                     
           elements of ['jazz baritone                                          
           saxophone acoustic piano                                             
           saxophones trombones trumpets                                        
           acoustic drums e-bass very fast                                      
           tempo', 'jazz instrumental trumpet                                   
           saxophone upright bass piano                                         
           acoustic drums groovy vibrant',                                      
           'jazz tuba saxophone electric                                        
           guitar acoustic drums melancholic                                    
           sophisticated']",                                                    
               "This music is a lively                                          
           harmonica instrumental. The tempo                                    
           is medium with a spirited melody.                                    
           The music is lively, clear,                                          
           energetic, vibrant and breezy with                                   
           a male voice at the end of the                                       
           audio clip. This is probably a                                       
           Harmonica tutorial. This has                                         
           elements of ['amateur recording                                      
           latin e-bass harp cuatro male                                        
           voices singing percussion sound                                      
           fast tempo', 'instrumental medium                                    
           tempo harmonica french harp free                                     
           reed instrument wind instrument                                      
           aerophone free reed aerophone                                        
           lively accompaniment music besame                                    
           mucho popular spanish songs latin                                    
           songs spanish melody background                                      
           score muffled audio amateur                                          
           recording congas beat',                                              
           'instrumental medium tempo                                           
           harmonica melody male voice                                          
           speaking vibrant energetic                                           
           enthusiastic playful loud lucid                                      
           mouth organ free reed instrument                                     
           wind instrument folk music                                           
           aerophone french harp blues harp                                     
           tuneful melodious']",                                                
               "A male voice is singing with                                    
           reverb and delay in his voice. An                                    
           acoustic drum is playing a faster                                    
           groove on the piano, a tambourine                                    
           can be heard. An electric bass is                                    
           playing repeating notes without a                                    
           lot of changes. A brass section is                                   
           repeating a theme while keyboards                                    
           and a guitar are playing along.                                      
           This song may be playing live                                        
           in-between an entertainment-show.                                    
           This has elements of ['male voice                                    
           male backing vocals piano marimba                                    
           bass synth hi-hat china cymbal',                                     
           'rock&roll e-guitars piano e-bass                                    
           saxophones/brass acoustic drums                                      
           male voices singing/shouting                                         
           uplifting energy uptempo',                                           
           'rock&roll acoustic drums e-bass                                     
           brass section e-guitar keyboard                                      
           male singer mid-range uptempo                                        
           uplifting mood amateur                                               
           recording']",                                                        
               "The low quality recording                                       
           features an ambient song that                                        
           consists of a wide sustained                                         
           string melody going left and right                                   
           through the stereo image. There                                      
           are tinny wooden sounds in the                                       
           background, as the recording is a                                    
           bit noisy. Even though it is                                         
           calming and relaxing, it is a bit                                    
           disturbing too. This has elements                                    
           of ['low quality noisy mono                                          
           theremin solo melody sustained                                       
           strings melody playback sad                                          
           emotional heartfelt', 'low quality                                   
           noisy ambient wide sustained                                         
           strings melody noisy tinny wooden                                    
           sounds disturbing calming                                            
           relaxing', 'low quality                                              
           reverberant birds chirping sound                                     
           effects water flowing sound effect                                   
           wide sustained strings melody                                        
           nature emotional calming                                             
           relaxing']",                                                         
               "The low quality recording                                       
           features a harmonizing staccato                                      
           vocals melody sung over groovy                                       
           piano melody, wide shimmering                                        
           shakers, punchy kick, thin snare                                     
           hits and some nice sound effects                                     
           in the background. It sounds fun                                     
           and happy - almost like a jingle.                                    
           This has elements of ['low quality                                   
           harmonizing staccato vocals melody                                   
           groovy piano melody wide                                             
           shimmering shakers punchy kick                                       
           thin snare mice sounds effects fun                                   
           happy jingle', 'low quality steel                                    
           drums melody electric guitar                                         
           melody brass stabs sustained organ                                   
           keys chord punchy snare punchy                                       
           kick groovy bass energetic crash                                     
           fruity male vocal shimmering                                         
           shakers joyful happy exciting',                                      
           'seasonal wide harmonizing male                                      
           vocals flat male lead vocal soft                                     
           snare groovy bass punchy kick                                        
           simple piano chord progression                                       
           muffled bells melody brass section                                   
           progression staccato strings                                         
           melody fun happy nostalgic                                           
           euphoric excited shimmering shaker                                   
           bells']",                                                            
               "Here we have a pop R&B song                                     
           with a piano arpeggio and guitar                                     
           strumming as the lead melodic                                        
           components in the instrumental. A                                    
           rapper then utters a few words in                                    
           his raspy and strong voice. We                                       
           then hear subtle soulful backing                                     
           vocals. The song is emotional.                                       
           This has elements of ['male                                          
           vocalist slow tempo hip-hop rap                                      
           progressive vocal backup youthful                                    
           funky snare drumming digital beats                                   
           syncopated piano accompaniment                                       
           groovy bass line synthesiser                                         
           arrangements persuasive story                                        
           telling rhythmic patter rhythmic                                     
           speech intense passionate                                            
           emotional intense vocal riff',                                       
           'hip-hop music male vocal rapping                                    
           soul music sample choir piano                                        
           electric guitar bass guitar                                          
           acoustic drums hip groovy', 'piano                                   
           melody piano motif guitar                                            
           strumming repeated piano arpeggio                                    
           raspy male rap vocal spoken word                                     
           female soulful vocal emotional                                       
           song']"                                                              
           ]                                                                    
     1 /    503     2 /    503     3 /    503     4 /    503     5 /    503     6 /    503     7 /    503     8 /    503     9 /    503    10 /    503    11 /    503    12 /    503    13 /    503    14 /    503    15 /    503    16 /    503    17 /    503    18 /    503    19 /    503    20 /    503    21 /    503    22 /    503    23 /    503    24 /    503    25 /    503    26 /    503    27 /    503    28 /    503    29 /    503    30 /    503    31 /    503    32 /    503    33 /    503    34 /    503    35 /    503    36 /    503    37 /    503    38 /    503    39 /    503    40 /    503    41 /    503    42 /    503    43 /    503    44 /    503    45 /    503    46 /    503    47 /    503    48 /    503    49 /    503    50 /    503    51 /    503    52 /    503    53 /    503    54 /    503    55 /    503    56 /    503    57 /    503    58 /    503    59 /    503    60 /    503    61 /    503    62 /    503    63 /    503    64 /    503    65 /    503    66 /    503    67 /    503    68 /    503    69 /    503    70 /    503    71 /    503    72 /    503    73 /    503    74 /    503    75 /    503    76 /    503    77 /    503    78 /    503    79 /    503    80 /    503    81 /    503    82 /    503    83 /    503    84 /    503    85 /    503    86 /    503    87 /    503    88 /    503    89 /    503    90 /    503    91 /    503    92 /    503    93 /    503    94 /    503    95 /    503    96 /    503    97 /    503    98 /    503    99 /    503   100 /    503   101 /    503   102 /    503   103 /    503   104 /    503   105 /    503   106 /    503   107 /    503   108 /    503   109 /    503   110 /    503   111 /    503   112 /    503   113 /    503   114 /    503   115 /    503   116 /    503   117 /    503   118 /    503   119 /    503   120 /    503   121 /    503   122 /    503   123 /    503   124 /    503   125 /    503   126 /    503   127 /    503   128 /    503   129 /    503   130 /    503   131 /    503   132 /    503   133 /    503   134 /    503   135 /    503   136 /    503   137 /    503   138 /    503   139 /    503   140 /    503   141 /    503   142 /    503   143 /    503   144 /    503   145 /    503   146 /    503   147 /    503   148 /    503   149 /    503   150 /    503   151 /    503   152 /    503   153 /    503   154 /    503   155 /    503   156 /    503   157 /    503   158 /    503   159 /    503   160 /    503   161 /    503   162 /    503   163 /    503   164 /    503   165 /    503   166 /    503   167 /    503   168 /    503   169 /    503   170 /    503   171 /    503   172 /    503   173 /    503   174 /    503   175 /    503   176 /    503   177 /    503   178 /    503   179 /    503   180 /    503   181 /    503   182 /    503   183 /    503   184 /    503   185 /    503   186 /    503   187 /    503   188 /    503   189 /    503   190 /    503   191 /    503   192 /    503   193 /    503   194 /    503   195 /    503   196 /    503   197 /    503   198 /    503   199 /    503   200 /    503   201 /    503   202 /    503   203 /    503   204 /    503   205 /    503   206 /    503   207 /    503   208 /    503   209 /    503   210 /    503   211 /    503   212 /    503   213 /    503   214 /    503   215 /    503   216 /    503   217 /    503   218 /    503   219 /    503   220 /    503   221 /    503   222 /    503   223 /    503   224 /    503   225 /    503   226 /    503   227 /    503   228 /    503   229 /    503   230 /    503   231 /    503   232 /    503   233 /    503   234 /    503   235 /    503   236 /    503   237 /    503   238 /    503   239 /    503   240 /    503   241 /    503   242 /    503   243 /    503   244 /    503   245 /    503   246 /    503   247 /    503   248 /    503   249 /    503   250 /    503   251 /    503   252 /    503   253 /    503   254 /    503   255 /    503   256 /    503   257 /    503   258 /    503   259 /    503   260 /    503   261 /    503   262 /    503   263 /    503   264 /    503   265 /    503   266 /    503   267 /    503   268 /    503   269 /    503   270 /    503   271 /    503   272 /    503   273 /    503   274 /    503   275 /    503   276 /    503   277 /    503   278 /    503   279 /    503   280 /    503   281 /    503   282 /    503   283 /    503   284 /    503   285 /    503   286 /    503   287 /    503   288 /    503   289 /    503   290 /    503   291 /    503   292 /    503   293 /    503   294 /    503   295 /    503   296 /    503   297 /    503   298 /    503   299 /    503   300 /    503   301 /    503   302 /    503   303 /    503   304 /    503   305 /    503   306 /    503   307 /    503   308 /    503   309 /    503   310 /    503   311 /    503   312 /    503   313 /    503   314 /    503   315 /    503   316 /    503   317 /    503   318 /    503   319 /    503   320 /    503   321 /    503   322 /    503   323 /    503   324 /    503   325 /    503   326 /    503   327 /    503   328 /    503   329 /    503   330 /    503   331 /    503   332 /    503   333 /    503   334 /    503   335 /    503   336 /    503   337 /    503   338 /    503   339 /    503   340 /    503   341 /    503   342 /    503   343 /    503   344 /    503   345 /    503   346 /    503   347 /    503   348 /    503   349 /    503   350 /    503   351 /    503   352 /    503   353 /    503   354 /    503   355 /    503   356 /    503   357 /    503   358 /    503   359 /    503   360 /    503   361 /    503   362 /    503   363 /    503   364 /    503   365 /    503   366 /    503   367 /    503   368 /    503   369 /    503   370 /    503   371 /    503   372 /    503   373 /    503   374 /    503   375 /    503   376 /    503   377 /    503   378 /    503   379 /    503   380 /    503   381 /    503   382 /    503   383 /    503   384 /    503   385 /    503   386 /    503   387 /    503   388 /    503   389 /    503   390 /    503   391 /    503   392 /    503   393 /    503   394 /    503   395 /    503   396 /    503   397 /    503   398 /    503   399 /    503   400 /    503   401 /    503   402 /    503   403 /    503   404 /    503   405 /    503   406 /    503   407 /    503   408 /    503   409 /    503   410 /    503   411 /    503   412 /    503   413 /    503   414 /    503   415 /    503   416 /    503   417 /    503   418 /    503   419 /    503   420 /    503   421 /    503   422 /    503   423 /    503   424 /    503   425 /    503   426 /    503   427 /    503   428 /    503   429 /    503   430 /    503   431 /    503   432 /    503   433 /    503   434 /    503   435 /    503   436 /    503   437 /    503   438 /    503   439 /    503   440 /    503   441 /    503   442 /    503   443 /    503   444 /    503   445 /    503   446 /    503   447 /    503   448 /    503   449 /    503   450 /    503   451 /    503   452 /    503   453 /    503   454 /    503   455 /    503   456 /    503   457 /    503   458 /    503   459 /    503   460 /    503   461 /    503   462 /    503   463 /    503   464 /    503   465 /    503   466 /    503   467 /    503   468 /    503   469 /    503   470 /    503   471 /    503   472 /    503   473 /    503   474 /    503   475 /    503   476 /    503   477 /    503   478 /    503   479 /    503   480 /    503   481 /    503   482 /    503   483 /    503   484 /    503   485 /    503   486 /    503   487 /    503   488 /    503   489 /    503   490 /    503   491 /    503   492 /    503   493 /    503   494 /    503   495 /    503   496 /    503   497 /    503   498 /    503   499 /    503   500 /    503   501 /    503   502 /    503   503 /    503Tue Apr 2 09:07:32 EDT 2024: Job 12242246 finished running, exit code: 1
