Tue Apr 9 00:01:05 EDT 2024: Job 12304523 is allocated resource
Obtaining audiocraft from git+https://github.com/facebookresearch/audiocraft.git@69fea8b290ad1b4b40d28f92d1dfc0ab01dbab85#egg=audiocraft (from -r /h/robzeh/projects/raptune/requirements.txt (line 12))
  Skipping because already up-to-date.
Requirement already satisfied: aiofiles==23.2.1 in /fs01/home/robzeh/projects/raptune/raptune_venv/lib/python3.9/site-packages (from -r /h/robzeh/projects/raptune/requirements.txt (line 1)) (23.2.1)
Requirement already satisfied: aiohttp==3.9.3 in /fs01/home/robzeh/projects/raptune/raptune_venv/lib/python3.9/site-packages (from -r /h/robzeh/projects/raptune/requirements.txt (line 2)) (3.9.3)
Requirement already satisfied: aiosignal==1.3.1 in /fs01/home/robzeh/projects/raptune/raptune_venv/lib/python3.9/site-packages (from -r /h/robzeh/projects/raptune/requirements.txt (line 3)) (1.3.1)
Requirement already satisfied: altair==5.2.0 in /fs01/home/robzeh/projects/raptune/raptune_venv/lib/python3.9/site-packages (from -r /h/robzeh/projects/raptune/requirements.txt (line 4)) (5.2.0)
Requirement already satisfied: annotated-types==0.6.0 in /fs01/home/robzeh/projects/raptune/raptune_venv/lib/python3.9/site-packages (from -r /h/robzeh/projects/raptune/requirements.txt (line 5)) (0.6.0)
Requirement already satisfied: annoy==1.17.3 in /fs01/home/robzeh/projects/raptune/raptune_venv/lib/python3.9/site-packages (from -r /h/robzeh/projects/raptune/requirements.txt (line 6)) (1.17.3)
Requirement already satisfied: antlr4-python3-runtime==4.9.3 in /fs01/home/robzeh/projects/raptune/raptune_venv/lib/python3.9/site-packages (from -r /h/robzeh/projects/raptune/requirements.txt (line 7)) (4.9.3)
Requirement already satisfied: anyio==4.3.0 in /fs01/home/robzeh/projects/raptune/raptune_venv/lib/python3.9/site-packages (from -r /h/robzeh/projects/raptune/requirements.txt (line 8)) (4.3.0)
Requirement already satisfied: appdirs==1.4.4 in /fs01/home/robzeh/projects/raptune/raptune_venv/lib/python3.9/site-packages (from -r /h/robzeh/projects/raptune/requirements.txt (line 9)) (1.4.4)
Requirement already satisfied: async-timeout==4.0.3 in /fs01/home/robzeh/projects/raptune/raptune_venv/lib/python3.9/site-packages (from -r /h/robzeh/projects/raptune/requirements.txt (line 10)) (4.0.3)
Requirement already satisfied: attrs==23.2.0 in /fs01/home/robzeh/projects/raptune/raptune_venv/lib/python3.9/site-packages (from -r /h/robzeh/projects/raptune/requirements.txt (line 11)) (23.2.0)
Requirement already satisfied: audioread==3.0.1 in /fs01/home/robzeh/projects/raptune/raptune_venv/lib/python3.9/site-packages (from -r /h/robzeh/projects/raptune/requirements.txt (line 13)) (3.0.1)
Requirement already satisfied: av==11.0.0 in /fs01/home/robzeh/projects/raptune/raptune_venv/lib/python3.9/site-packages (from -r /h/robzeh/projects/raptune/requirements.txt (line 14)) (11.0.0)
Requirement already satisfied: blis==0.7.11 in /fs01/home/robzeh/projects/raptune/raptune_venv/lib/python3.9/site-packages (from -r /h/robzeh/projects/raptune/requirements.txt (line 15)) (0.7.11)
Requirement already satisfied: braceexpand==0.1.7 in /fs01/home/robzeh/projects/raptune/raptune_venv/lib/python3.9/site-packages (from -r /h/robzeh/projects/raptune/requirements.txt (line 16)) (0.1.7)
Requirement already satisfied: build==1.1.1 in /fs01/home/robzeh/projects/raptune/raptune_venv/lib/python3.9/site-packages (from -r /h/robzeh/projects/raptune/requirements.txt (line 17)) (1.1.1)
Requirement already satisfied: CacheControl==0.14.0 in /fs01/home/robzeh/projects/raptune/raptune_venv/lib/python3.9/site-packages (from -r /h/robzeh/projects/raptune/requirements.txt (line 18)) (0.14.0)
Requirement already satisfied: catalogue==2.0.10 in /fs01/home/robzeh/projects/raptune/raptune_venv/lib/python3.9/site-packages (from -r /h/robzeh/projects/raptune/requirements.txt (line 19)) (2.0.10)
Collecting certifi==2024.2.2
  Using cached certifi-2024.2.2-py3-none-any.whl (163 kB)
Requirement already satisfied: cffi==1.16.0 in /fs01/home/robzeh/projects/raptune/raptune_venv/lib/python3.9/site-packages (from -r /h/robzeh/projects/raptune/requirements.txt (line 21)) (1.16.0)
Collecting charset-normalizer==3.3.2
  Using cached charset_normalizer-3.3.2-cp39-cp39-manylinux_2_17_x86_64.manylinux2014_x86_64.whl (142 kB)
Requirement already satisfied: cleo==2.1.0 in /fs01/home/robzeh/projects/raptune/raptune_venv/lib/python3.9/site-packages (from -r /h/robzeh/projects/raptune/requirements.txt (line 23)) (2.1.0)
Requirement already satisfied: click==8.1.7 in /fs01/home/robzeh/projects/raptune/raptune_venv/lib/python3.9/site-packages (from -r /h/robzeh/projects/raptune/requirements.txt (line 24)) (8.1.7)
Requirement already satisfied: cloudpathlib==0.16.0 in /fs01/home/robzeh/projects/raptune/raptune_venv/lib/python3.9/site-packages (from -r /h/robzeh/projects/raptune/requirements.txt (line 25)) (0.16.0)
Requirement already satisfied: cloudpickle==3.0.0 in /fs01/home/robzeh/projects/raptune/raptune_venv/lib/python3.9/site-packages (from -r /h/robzeh/projects/raptune/requirements.txt (line 26)) (3.0.0)
Requirement already satisfied: colorama==0.4.6 in /fs01/home/robzeh/projects/raptune/raptune_venv/lib/python3.9/site-packages (from -r /h/robzeh/projects/raptune/requirements.txt (line 27)) (0.4.6)
Requirement already satisfied: colorlog==6.8.2 in /fs01/home/robzeh/projects/raptune/raptune_venv/lib/python3.9/site-packages (from -r /h/robzeh/projects/raptune/requirements.txt (line 28)) (6.8.2)
Requirement already satisfied: confection==0.1.4 in /fs01/home/robzeh/projects/raptune/raptune_venv/lib/python3.9/site-packages (from -r /h/robzeh/projects/raptune/requirements.txt (line 29)) (0.1.4)
Requirement already satisfied: contourpy==1.2.0 in /fs01/home/robzeh/projects/raptune/raptune_venv/lib/python3.9/site-packages (from -r /h/robzeh/projects/raptune/requirements.txt (line 30)) (1.2.0)
Requirement already satisfied: crashtest==0.4.1 in /fs01/home/robzeh/projects/raptune/raptune_venv/lib/python3.9/site-packages (from -r /h/robzeh/projects/raptune/requirements.txt (line 31)) (0.4.1)
Requirement already satisfied: cryptography==42.0.5 in /fs01/home/robzeh/projects/raptune/raptune_venv/lib/python3.9/site-packages (from -r /h/robzeh/projects/raptune/requirements.txt (line 32)) (42.0.5)
Requirement already satisfied: cycler==0.12.1 in /fs01/home/robzeh/projects/raptune/raptune_venv/lib/python3.9/site-packages (from -r /h/robzeh/projects/raptune/requirements.txt (line 33)) (0.12.1)
Requirement already satisfied: cymem==2.0.8 in /fs01/home/robzeh/projects/raptune/raptune_venv/lib/python3.9/site-packages (from -r /h/robzeh/projects/raptune/requirements.txt (line 34)) (2.0.8)
Requirement already satisfied: datasets==2.18.0 in /fs01/home/robzeh/projects/raptune/raptune_venv/lib/python3.9/site-packages (from -r /h/robzeh/projects/raptune/requirements.txt (line 35)) (2.18.0)
Requirement already satisfied: decorator==5.1.1 in /fs01/home/robzeh/projects/raptune/raptune_venv/lib/python3.9/site-packages (from -r /h/robzeh/projects/raptune/requirements.txt (line 36)) (5.1.1)
Requirement already satisfied: demucs==4.0.1 in /fs01/home/robzeh/projects/raptune/raptune_venv/lib/python3.9/site-packages (from -r /h/robzeh/projects/raptune/requirements.txt (line 37)) (4.0.1)
Requirement already satisfied: dill==0.3.8 in /fs01/home/robzeh/projects/raptune/raptune_venv/lib/python3.9/site-packages (from -r /h/robzeh/projects/raptune/requirements.txt (line 38)) (0.3.8)
Requirement already satisfied: distlib==0.3.8 in /fs01/home/robzeh/projects/raptune/raptune_venv/lib/python3.9/site-packages (from -r /h/robzeh/projects/raptune/requirements.txt (line 39)) (0.3.8)
Requirement already satisfied: docker-pycreds==0.4.0 in /fs01/home/robzeh/projects/raptune/raptune_venv/lib/python3.9/site-packages (from -r /h/robzeh/projects/raptune/requirements.txt (line 40)) (0.4.0)
Requirement already satisfied: docopt==0.6.2 in /fs01/home/robzeh/projects/raptune/raptune_venv/lib/python3.9/site-packages (from -r /h/robzeh/projects/raptune/requirements.txt (line 41)) (0.6.2)
Requirement already satisfied: dora_search==0.1.12 in /fs01/home/robzeh/projects/raptune/raptune_venv/lib/python3.9/site-packages (from -r /h/robzeh/projects/raptune/requirements.txt (line 42)) (0.1.12)
Requirement already satisfied: dulwich==0.21.7 in /fs01/home/robzeh/projects/raptune/raptune_venv/lib/python3.9/site-packages (from -r /h/robzeh/projects/raptune/requirements.txt (line 43)) (0.21.7)
Collecting einops==0.7.0
  Using cached einops-0.7.0-py3-none-any.whl (44 kB)
Requirement already satisfied: encodec==0.1.1 in /fs01/home/robzeh/projects/raptune/raptune_venv/lib/python3.9/site-packages (from -r /h/robzeh/projects/raptune/requirements.txt (line 45)) (0.1.1)
Requirement already satisfied: exceptiongroup==1.2.0 in /fs01/home/robzeh/projects/raptune/raptune_venv/lib/python3.9/site-packages (from -r /h/robzeh/projects/raptune/requirements.txt (line 46)) (1.2.0)
Requirement already satisfied: fastapi==0.110.0 in /fs01/home/robzeh/projects/raptune/raptune_venv/lib/python3.9/site-packages (from -r /h/robzeh/projects/raptune/requirements.txt (line 47)) (0.110.0)
Requirement already satisfied: fastjsonschema==2.19.1 in /fs01/home/robzeh/projects/raptune/raptune_venv/lib/python3.9/site-packages (from -r /h/robzeh/projects/raptune/requirements.txt (line 48)) (2.19.1)
Requirement already satisfied: ffmpy==0.3.2 in /fs01/home/robzeh/projects/raptune/raptune_venv/lib/python3.9/site-packages (from -r /h/robzeh/projects/raptune/requirements.txt (line 49)) (0.3.2)
Collecting filelock==3.13.1
  Using cached filelock-3.13.1-py3-none-any.whl (11 kB)
Requirement already satisfied: flashy==0.0.2 in /fs01/home/robzeh/projects/raptune/raptune_venv/lib/python3.9/site-packages (from -r /h/robzeh/projects/raptune/requirements.txt (line 51)) (0.0.2)
Requirement already satisfied: fonttools==4.50.0 in /fs01/home/robzeh/projects/raptune/raptune_venv/lib/python3.9/site-packages (from -r /h/robzeh/projects/raptune/requirements.txt (line 52)) (4.50.0)
Requirement already satisfied: frozenlist==1.4.1 in /fs01/home/robzeh/projects/raptune/raptune_venv/lib/python3.9/site-packages (from -r /h/robzeh/projects/raptune/requirements.txt (line 53)) (1.4.1)
Collecting fsspec==2024.2.0
  Using cached fsspec-2024.2.0-py3-none-any.whl (170 kB)
Collecting ftfy==6.2.0
  Using cached ftfy-6.2.0-py3-none-any.whl (54 kB)
Collecting gitdb==4.0.11
  Using cached gitdb-4.0.11-py3-none-any.whl (62 kB)
Collecting GitPython==3.1.42
  Using cached GitPython-3.1.42-py3-none-any.whl (195 kB)
Requirement already satisfied: gradio==4.21.0 in /fs01/home/robzeh/projects/raptune/raptune_venv/lib/python3.9/site-packages (from -r /h/robzeh/projects/raptune/requirements.txt (line 58)) (4.21.0)
Requirement already satisfied: gradio_client==0.12.0 in /fs01/home/robzeh/projects/raptune/raptune_venv/lib/python3.9/site-packages (from -r /h/robzeh/projects/raptune/requirements.txt (line 59)) (0.12.0)
Requirement already satisfied: h11==0.14.0 in /fs01/home/robzeh/projects/raptune/raptune_venv/lib/python3.9/site-packages (from -r /h/robzeh/projects/raptune/requirements.txt (line 60)) (0.14.0)
Collecting h5py==3.10.0
  Using cached h5py-3.10.0-cp39-cp39-manylinux_2_17_x86_64.manylinux2014_x86_64.whl (4.8 MB)
Requirement already satisfied: httpcore==1.0.4 in /fs01/home/robzeh/projects/raptune/raptune_venv/lib/python3.9/site-packages (from -r /h/robzeh/projects/raptune/requirements.txt (line 62)) (1.0.4)
Requirement already satisfied: httpx==0.27.0 in /fs01/home/robzeh/projects/raptune/raptune_venv/lib/python3.9/site-packages (from -r /h/robzeh/projects/raptune/requirements.txt (line 63)) (0.27.0)
Collecting huggingface-hub==0.21.4
  Using cached huggingface_hub-0.21.4-py3-none-any.whl (346 kB)
Requirement already satisfied: hydra-colorlog==1.2.0 in /fs01/home/robzeh/projects/raptune/raptune_venv/lib/python3.9/site-packages (from -r /h/robzeh/projects/raptune/requirements.txt (line 65)) (1.2.0)
Requirement already satisfied: hydra-core==1.3.2 in /fs01/home/robzeh/projects/raptune/raptune_venv/lib/python3.9/site-packages (from -r /h/robzeh/projects/raptune/requirements.txt (line 66)) (1.3.2)
Collecting idna==3.6
  Using cached idna-3.6-py3-none-any.whl (61 kB)
Requirement already satisfied: importlib_metadata==7.0.2 in /fs01/home/robzeh/projects/raptune/raptune_venv/lib/python3.9/site-packages (from -r /h/robzeh/projects/raptune/requirements.txt (line 68)) (7.0.2)
Requirement already satisfied: importlib_resources==6.3.1 in /fs01/home/robzeh/projects/raptune/raptune_venv/lib/python3.9/site-packages (from -r /h/robzeh/projects/raptune/requirements.txt (line 69)) (6.3.1)
Requirement already satisfied: installer==0.7.0 in /fs01/home/robzeh/projects/raptune/raptune_venv/lib/python3.9/site-packages (from -r /h/robzeh/projects/raptune/requirements.txt (line 70)) (0.7.0)
Requirement already satisfied: jaraco.classes==3.3.1 in /fs01/home/robzeh/projects/raptune/raptune_venv/lib/python3.9/site-packages (from -r /h/robzeh/projects/raptune/requirements.txt (line 71)) (3.3.1)
Requirement already satisfied: jeepney==0.8.0 in /fs01/home/robzeh/projects/raptune/raptune_venv/lib/python3.9/site-packages (from -r /h/robzeh/projects/raptune/requirements.txt (line 72)) (0.8.0)
Requirement already satisfied: Jinja2==3.1.3 in /fs01/home/robzeh/projects/raptune/raptune_venv/lib/python3.9/site-packages (from -r /h/robzeh/projects/raptune/requirements.txt (line 73)) (3.1.3)
Requirement already satisfied: joblib==1.3.2 in /fs01/home/robzeh/projects/raptune/raptune_venv/lib/python3.9/site-packages (from -r /h/robzeh/projects/raptune/requirements.txt (line 74)) (1.3.2)
Requirement already satisfied: jsonschema==4.21.1 in /fs01/home/robzeh/projects/raptune/raptune_venv/lib/python3.9/site-packages (from -r /h/robzeh/projects/raptune/requirements.txt (line 75)) (4.21.1)
Requirement already satisfied: jsonschema-specifications==2023.12.1 in /fs01/home/robzeh/projects/raptune/raptune_venv/lib/python3.9/site-packages (from -r /h/robzeh/projects/raptune/requirements.txt (line 76)) (2023.12.1)
Requirement already satisfied: julius==0.2.7 in /fs01/home/robzeh/projects/raptune/raptune_venv/lib/python3.9/site-packages (from -r /h/robzeh/projects/raptune/requirements.txt (line 77)) (0.2.7)
Requirement already satisfied: keyring==24.3.1 in /fs01/home/robzeh/projects/raptune/raptune_venv/lib/python3.9/site-packages (from -r /h/robzeh/projects/raptune/requirements.txt (line 78)) (24.3.1)
Requirement already satisfied: kiwisolver==1.4.5 in /fs01/home/robzeh/projects/raptune/raptune_venv/lib/python3.9/site-packages (from -r /h/robzeh/projects/raptune/requirements.txt (line 79)) (1.4.5)
Collecting laion-clap==1.1.2
  Using cached laion_clap-1.1.2-py3-none-any.whl (1.5 MB)
Requirement already satisfied: lameenc==1.7.0 in /fs01/home/robzeh/projects/raptune/raptune_venv/lib/python3.9/site-packages (from -r /h/robzeh/projects/raptune/requirements.txt (line 81)) (1.7.0)
Requirement already satisfied: langcodes==3.3.0 in /fs01/home/robzeh/projects/raptune/raptune_venv/lib/python3.9/site-packages (from -r /h/robzeh/projects/raptune/requirements.txt (line 82)) (3.3.0)
Requirement already satisfied: lazy_loader==0.3 in /fs01/home/robzeh/projects/raptune/raptune_venv/lib/python3.9/site-packages (from -r /h/robzeh/projects/raptune/requirements.txt (line 83)) (0.3)
Requirement already satisfied: librosa==0.10.1 in /fs01/home/robzeh/projects/raptune/raptune_venv/lib/python3.9/site-packages (from -r /h/robzeh/projects/raptune/requirements.txt (line 84)) (0.10.1)
Requirement already satisfied: lightning-utilities==0.10.1 in /fs01/home/robzeh/projects/raptune/raptune_venv/lib/python3.9/site-packages (from -r /h/robzeh/projects/raptune/requirements.txt (line 85)) (0.10.1)
Collecting llvmlite==0.42.0
  Using cached llvmlite-0.42.0-cp39-cp39-manylinux_2_17_x86_64.manylinux2014_x86_64.whl (43.8 MB)
Requirement already satisfied: markdown-it-py==3.0.0 in /fs01/home/robzeh/projects/raptune/raptune_venv/lib/python3.9/site-packages (from -r /h/robzeh/projects/raptune/requirements.txt (line 87)) (3.0.0)
Collecting MarkupSafe==2.1.5
  Using cached MarkupSafe-2.1.5-cp39-cp39-manylinux_2_17_x86_64.manylinux2014_x86_64.whl (25 kB)
Requirement already satisfied: matplotlib==3.8.3 in /fs01/home/robzeh/projects/raptune/raptune_venv/lib/python3.9/site-packages (from -r /h/robzeh/projects/raptune/requirements.txt (line 89)) (3.8.3)
Requirement already satisfied: mdurl==0.1.2 in /fs01/home/robzeh/projects/raptune/raptune_venv/lib/python3.9/site-packages (from -r /h/robzeh/projects/raptune/requirements.txt (line 90)) (0.1.2)
Requirement already satisfied: more-itertools==10.2.0 in /fs01/home/robzeh/projects/raptune/raptune_venv/lib/python3.9/site-packages (from -r /h/robzeh/projects/raptune/requirements.txt (line 91)) (10.2.0)
Requirement already satisfied: mpmath==1.3.0 in /fs01/home/robzeh/projects/raptune/raptune_venv/lib/python3.9/site-packages (from -r /h/robzeh/projects/raptune/requirements.txt (line 92)) (1.3.0)
Collecting msgpack==1.0.8
  Using cached msgpack-1.0.8-cp39-cp39-manylinux_2_17_x86_64.manylinux2014_x86_64.whl (385 kB)
Requirement already satisfied: multidict==6.0.5 in /fs01/home/robzeh/projects/raptune/raptune_venv/lib/python3.9/site-packages (from -r /h/robzeh/projects/raptune/requirements.txt (line 94)) (6.0.5)
Requirement already satisfied: multiprocess==0.70.16 in /fs01/home/robzeh/projects/raptune/raptune_venv/lib/python3.9/site-packages (from -r /h/robzeh/projects/raptune/requirements.txt (line 95)) (0.70.16)
Requirement already satisfied: murmurhash==1.0.10 in /fs01/home/robzeh/projects/raptune/raptune_venv/lib/python3.9/site-packages (from -r /h/robzeh/projects/raptune/requirements.txt (line 96)) (1.0.10)
Collecting networkx==3.2.1
  Using cached networkx-3.2.1-py3-none-any.whl (1.6 MB)
Requirement already satisfied: num2words==0.5.13 in /fs01/home/robzeh/projects/raptune/raptune_venv/lib/python3.9/site-packages (from -r /h/robzeh/projects/raptune/requirements.txt (line 98)) (0.5.13)
Collecting numba==0.59.0
  Using cached numba-0.59.0-cp39-cp39-manylinux2014_x86_64.manylinux_2_17_x86_64.whl (3.7 MB)
Collecting numpy==1.23.4
  Using cached numpy-1.23.4-cp39-cp39-manylinux_2_17_x86_64.manylinux2014_x86_64.whl (17.1 MB)
Requirement already satisfied: nvidia-cublas-cu12==12.1.3.1 in /fs01/home/robzeh/projects/raptune/raptune_venv/lib/python3.9/site-packages (from -r /h/robzeh/projects/raptune/requirements.txt (line 101)) (12.1.3.1)
Requirement already satisfied: nvidia-cuda-cupti-cu12==12.1.105 in /fs01/home/robzeh/projects/raptune/raptune_venv/lib/python3.9/site-packages (from -r /h/robzeh/projects/raptune/requirements.txt (line 102)) (12.1.105)
Requirement already satisfied: nvidia-cuda-nvrtc-cu12==12.1.105 in /fs01/home/robzeh/projects/raptune/raptune_venv/lib/python3.9/site-packages (from -r /h/robzeh/projects/raptune/requirements.txt (line 103)) (12.1.105)
Requirement already satisfied: nvidia-cuda-runtime-cu12==12.1.105 in /fs01/home/robzeh/projects/raptune/raptune_venv/lib/python3.9/site-packages (from -r /h/robzeh/projects/raptune/requirements.txt (line 104)) (12.1.105)
Requirement already satisfied: nvidia-cudnn-cu12==8.9.2.26 in /fs01/home/robzeh/projects/raptune/raptune_venv/lib/python3.9/site-packages (from -r /h/robzeh/projects/raptune/requirements.txt (line 105)) (8.9.2.26)
Requirement already satisfied: nvidia-cufft-cu12==11.0.2.54 in /fs01/home/robzeh/projects/raptune/raptune_venv/lib/python3.9/site-packages (from -r /h/robzeh/projects/raptune/requirements.txt (line 106)) (11.0.2.54)
Requirement already satisfied: nvidia-curand-cu12==10.3.2.106 in /fs01/home/robzeh/projects/raptune/raptune_venv/lib/python3.9/site-packages (from -r /h/robzeh/projects/raptune/requirements.txt (line 107)) (10.3.2.106)
Requirement already satisfied: nvidia-cusolver-cu12==11.4.5.107 in /fs01/home/robzeh/projects/raptune/raptune_venv/lib/python3.9/site-packages (from -r /h/robzeh/projects/raptune/requirements.txt (line 108)) (11.4.5.107)
Requirement already satisfied: nvidia-cusparse-cu12==12.1.0.106 in /fs01/home/robzeh/projects/raptune/raptune_venv/lib/python3.9/site-packages (from -r /h/robzeh/projects/raptune/requirements.txt (line 109)) (12.1.0.106)
Requirement already satisfied: nvidia-nccl-cu12==2.18.1 in /fs01/home/robzeh/projects/raptune/raptune_venv/lib/python3.9/site-packages (from -r /h/robzeh/projects/raptune/requirements.txt (line 110)) (2.18.1)
Requirement already satisfied: nvidia-nvjitlink-cu12==12.4.99 in /fs01/home/robzeh/projects/raptune/raptune_venv/lib/python3.9/site-packages (from -r /h/robzeh/projects/raptune/requirements.txt (line 111)) (12.4.99)
Requirement already satisfied: nvidia-nvtx-cu12==12.1.105 in /fs01/home/robzeh/projects/raptune/raptune_venv/lib/python3.9/site-packages (from -r /h/robzeh/projects/raptune/requirements.txt (line 112)) (12.1.105)
Requirement already satisfied: omegaconf==2.3.0 in /fs01/home/robzeh/projects/raptune/raptune_venv/lib/python3.9/site-packages (from -r /h/robzeh/projects/raptune/requirements.txt (line 113)) (2.3.0)
Requirement already satisfied: openunmix==1.2.1 in /fs01/home/robzeh/projects/raptune/raptune_venv/lib/python3.9/site-packages (from -r /h/robzeh/projects/raptune/requirements.txt (line 114)) (1.2.1)
Requirement already satisfied: orjson==3.9.15 in /fs01/home/robzeh/projects/raptune/raptune_venv/lib/python3.9/site-packages (from -r /h/robzeh/projects/raptune/requirements.txt (line 115)) (3.9.15)
Collecting packaging==24.0
  Using cached packaging-24.0-py3-none-any.whl (53 kB)
Collecting pandas==2.2.1
  Using cached pandas-2.2.1-cp39-cp39-manylinux_2_17_x86_64.manylinux2014_x86_64.whl (13.0 MB)
Requirement already satisfied: pexpect==4.9.0 in /fs01/home/robzeh/projects/raptune/raptune_venv/lib/python3.9/site-packages (from -r /h/robzeh/projects/raptune/requirements.txt (line 118)) (4.9.0)
Requirement already satisfied: pillow==10.2.0 in /fs01/home/robzeh/projects/raptune/raptune_venv/lib/python3.9/site-packages (from -r /h/robzeh/projects/raptune/requirements.txt (line 119)) (10.2.0)
Requirement already satisfied: pkginfo==1.10.0 in /fs01/home/robzeh/projects/raptune/raptune_venv/lib/python3.9/site-packages (from -r /h/robzeh/projects/raptune/requirements.txt (line 120)) (1.10.0)
Collecting platformdirs==4.2.0
  Using cached platformdirs-4.2.0-py3-none-any.whl (17 kB)
Requirement already satisfied: poetry==1.8.2 in /fs01/home/robzeh/projects/raptune/raptune_venv/lib/python3.9/site-packages (from -r /h/robzeh/projects/raptune/requirements.txt (line 122)) (1.8.2)
Requirement already satisfied: poetry-core==1.9.0 in /fs01/home/robzeh/projects/raptune/raptune_venv/lib/python3.9/site-packages (from -r /h/robzeh/projects/raptune/requirements.txt (line 123)) (1.9.0)
Requirement already satisfied: poetry-plugin-export==1.7.0 in /fs01/home/robzeh/projects/raptune/raptune_venv/lib/python3.9/site-packages (from -r /h/robzeh/projects/raptune/requirements.txt (line 124)) (1.7.0)
Collecting pooch==1.8.1
  Using cached pooch-1.8.1-py3-none-any.whl (62 kB)
Requirement already satisfied: preshed==3.0.9 in /fs01/home/robzeh/projects/raptune/raptune_venv/lib/python3.9/site-packages (from -r /h/robzeh/projects/raptune/requirements.txt (line 126)) (3.0.9)
Requirement already satisfied: progressbar==2.5 in /fs01/home/robzeh/projects/raptune/raptune_venv/lib/python3.9/site-packages (from -r /h/robzeh/projects/raptune/requirements.txt (line 127)) (2.5)
Collecting protobuf==4.25.3
  Using cached protobuf-4.25.3-cp37-abi3-manylinux2014_x86_64.whl (294 kB)
Collecting psutil==5.9.8
  Using cached psutil-5.9.8-cp36-abi3-manylinux_2_12_x86_64.manylinux2010_x86_64.manylinux_2_17_x86_64.manylinux2014_x86_64.whl (288 kB)
Requirement already satisfied: ptyprocess==0.7.0 in /fs01/home/robzeh/projects/raptune/raptune_venv/lib/python3.9/site-packages (from -r /h/robzeh/projects/raptune/requirements.txt (line 130)) (0.7.0)
Requirement already satisfied: pyarrow==15.0.1 in /fs01/home/robzeh/projects/raptune/raptune_venv/lib/python3.9/site-packages (from -r /h/robzeh/projects/raptune/requirements.txt (line 131)) (15.0.1)
Requirement already satisfied: pyarrow-hotfix==0.6 in /fs01/home/robzeh/projects/raptune/raptune_venv/lib/python3.9/site-packages (from -r /h/robzeh/projects/raptune/requirements.txt (line 132)) (0.6)
Requirement already satisfied: pycparser==2.21 in /fs01/home/robzeh/projects/raptune/raptune_venv/lib/python3.9/site-packages (from -r /h/robzeh/projects/raptune/requirements.txt (line 133)) (2.21)
Requirement already satisfied: pydantic==2.6.4 in /fs01/home/robzeh/projects/raptune/raptune_venv/lib/python3.9/site-packages (from -r /h/robzeh/projects/raptune/requirements.txt (line 134)) (2.6.4)
Requirement already satisfied: pydantic_core==2.16.3 in /fs01/home/robzeh/projects/raptune/raptune_venv/lib/python3.9/site-packages (from -r /h/robzeh/projects/raptune/requirements.txt (line 135)) (2.16.3)
Requirement already satisfied: pydub==0.25.1 in /fs01/home/robzeh/projects/raptune/raptune_venv/lib/python3.9/site-packages (from -r /h/robzeh/projects/raptune/requirements.txt (line 136)) (0.25.1)
Requirement already satisfied: Pygments==2.17.2 in /fs01/home/robzeh/projects/raptune/raptune_venv/lib/python3.9/site-packages (from -r /h/robzeh/projects/raptune/requirements.txt (line 137)) (2.17.2)
Requirement already satisfied: pyparsing==3.1.2 in /fs01/home/robzeh/projects/raptune/raptune_venv/lib/python3.9/site-packages (from -r /h/robzeh/projects/raptune/requirements.txt (line 138)) (3.1.2)
Requirement already satisfied: pyproject_hooks==1.0.0 in /fs01/home/robzeh/projects/raptune/raptune_venv/lib/python3.9/site-packages (from -r /h/robzeh/projects/raptune/requirements.txt (line 139)) (1.0.0)
Collecting python-dateutil==2.9.0.post0
  Using cached python_dateutil-2.9.0.post0-py2.py3-none-any.whl (229 kB)
Requirement already satisfied: python-multipart==0.0.9 in /fs01/home/robzeh/projects/raptune/raptune_venv/lib/python3.9/site-packages (from -r /h/robzeh/projects/raptune/requirements.txt (line 141)) (0.0.9)
Collecting pytz==2024.1
  Using cached pytz-2024.1-py2.py3-none-any.whl (505 kB)
Requirement already satisfied: PyYAML==6.0.1 in /fs01/home/robzeh/projects/raptune/raptune_venv/lib/python3.9/site-packages (from -r /h/robzeh/projects/raptune/requirements.txt (line 143)) (6.0.1)
Requirement already satisfied: rapidfuzz==3.6.2 in /fs01/home/robzeh/projects/raptune/raptune_venv/lib/python3.9/site-packages (from -r /h/robzeh/projects/raptune/requirements.txt (line 144)) (3.6.2)
Requirement already satisfied: referencing==0.34.0 in /fs01/home/robzeh/projects/raptune/raptune_venv/lib/python3.9/site-packages (from -r /h/robzeh/projects/raptune/requirements.txt (line 145)) (0.34.0)
Collecting regex==2023.12.25
  Using cached regex-2023.12.25-cp39-cp39-manylinux_2_17_x86_64.manylinux2014_x86_64.whl (773 kB)
Requirement already satisfied: requests==2.31.0 in /fs01/home/robzeh/projects/raptune/raptune_venv/lib/python3.9/site-packages (from -r /h/robzeh/projects/raptune/requirements.txt (line 147)) (2.31.0)
Requirement already satisfied: requests-toolbelt==1.0.0 in /fs01/home/robzeh/projects/raptune/raptune_venv/lib/python3.9/site-packages (from -r /h/robzeh/projects/raptune/requirements.txt (line 148)) (1.0.0)
Collecting resampy==0.4.3
  Using cached resampy-0.4.3-py3-none-any.whl (3.1 MB)
Requirement already satisfied: retrying==1.3.4 in /fs01/home/robzeh/projects/raptune/raptune_venv/lib/python3.9/site-packages (from -r /h/robzeh/projects/raptune/requirements.txt (line 150)) (1.3.4)
Requirement already satisfied: rich==13.7.1 in /fs01/home/robzeh/projects/raptune/raptune_venv/lib/python3.9/site-packages (from -r /h/robzeh/projects/raptune/requirements.txt (line 151)) (13.7.1)
Requirement already satisfied: rpds-py==0.18.0 in /fs01/home/robzeh/projects/raptune/raptune_venv/lib/python3.9/site-packages (from -r /h/robzeh/projects/raptune/requirements.txt (line 152)) (0.18.0)
Requirement already satisfied: ruff==0.3.3 in /fs01/home/robzeh/projects/raptune/raptune_venv/lib/python3.9/site-packages (from -r /h/robzeh/projects/raptune/requirements.txt (line 153)) (0.3.3)
Collecting safetensors==0.4.2
  Using cached safetensors-0.4.2-cp39-cp39-manylinux_2_17_x86_64.manylinux2014_x86_64.whl (1.3 MB)
Collecting scikit-learn==1.4.1.post1
  Using cached scikit_learn-1.4.1.post1-cp39-cp39-manylinux_2_17_x86_64.manylinux2014_x86_64.whl (12.2 MB)
Collecting scipy==1.10.1
  Using cached scipy-1.10.1-cp39-cp39-manylinux_2_17_x86_64.manylinux2014_x86_64.whl (34.5 MB)
Requirement already satisfied: SecretStorage==3.3.3 in /fs01/home/robzeh/projects/raptune/raptune_venv/lib/python3.9/site-packages (from -r /h/robzeh/projects/raptune/requirements.txt (line 157)) (3.3.3)
Requirement already satisfied: semantic-version==2.10.0 in /fs01/home/robzeh/projects/raptune/raptune_venv/lib/python3.9/site-packages (from -r /h/robzeh/projects/raptune/requirements.txt (line 158)) (2.10.0)
Requirement already satisfied: sentencepiece==0.2.0 in /fs01/home/robzeh/projects/raptune/raptune_venv/lib/python3.9/site-packages (from -r /h/robzeh/projects/raptune/requirements.txt (line 159)) (0.2.0)
Collecting sentry-sdk==1.42.0
  Using cached sentry_sdk-1.42.0-py2.py3-none-any.whl (263 kB)
Collecting setproctitle==1.3.3
  Using cached setproctitle-1.3.3-cp39-cp39-manylinux_2_5_x86_64.manylinux1_x86_64.manylinux_2_17_x86_64.manylinux2014_x86_64.whl (30 kB)
Requirement already satisfied: shellingham==1.5.4 in /fs01/home/robzeh/projects/raptune/raptune_venv/lib/python3.9/site-packages (from -r /h/robzeh/projects/raptune/requirements.txt (line 162)) (1.5.4)
Requirement already satisfied: six==1.16.0 in /fs01/home/robzeh/projects/raptune/raptune_venv/lib/python3.9/site-packages (from -r /h/robzeh/projects/raptune/requirements.txt (line 163)) (1.16.0)
Requirement already satisfied: smart-open==6.4.0 in /fs01/home/robzeh/projects/raptune/raptune_venv/lib/python3.9/site-packages (from -r /h/robzeh/projects/raptune/requirements.txt (line 164)) (6.4.0)
Requirement already satisfied: smmap==5.0.1 in /fs01/home/robzeh/projects/raptune/raptune_venv/lib/python3.9/site-packages (from -r /h/robzeh/projects/raptune/requirements.txt (line 165)) (5.0.1)
Requirement already satisfied: sniffio==1.3.1 in /fs01/home/robzeh/projects/raptune/raptune_venv/lib/python3.9/site-packages (from -r /h/robzeh/projects/raptune/requirements.txt (line 166)) (1.3.1)
Requirement already satisfied: soundfile==0.12.1 in /fs01/home/robzeh/projects/raptune/raptune_venv/lib/python3.9/site-packages (from -r /h/robzeh/projects/raptune/requirements.txt (line 167)) (0.12.1)
Collecting soxr==0.3.7
  Using cached soxr-0.3.7-cp39-cp39-manylinux_2_17_x86_64.manylinux2014_x86_64.whl (1.2 MB)
Requirement already satisfied: spacy==3.7.4 in /fs01/home/robzeh/projects/raptune/raptune_venv/lib/python3.9/site-packages (from -r /h/robzeh/projects/raptune/requirements.txt (line 169)) (3.7.4)
Requirement already satisfied: spacy-legacy==3.0.12 in /fs01/home/robzeh/projects/raptune/raptune_venv/lib/python3.9/site-packages (from -r /h/robzeh/projects/raptune/requirements.txt (line 170)) (3.0.12)
Requirement already satisfied: spacy-loggers==1.0.5 in /fs01/home/robzeh/projects/raptune/raptune_venv/lib/python3.9/site-packages (from -r /h/robzeh/projects/raptune/requirements.txt (line 171)) (1.0.5)
Requirement already satisfied: srsly==2.4.8 in /fs01/home/robzeh/projects/raptune/raptune_venv/lib/python3.9/site-packages (from -r /h/robzeh/projects/raptune/requirements.txt (line 172)) (2.4.8)
Requirement already satisfied: starlette==0.36.3 in /fs01/home/robzeh/projects/raptune/raptune_venv/lib/python3.9/site-packages (from -r /h/robzeh/projects/raptune/requirements.txt (line 173)) (0.36.3)
Requirement already satisfied: submitit==1.5.1 in /fs01/home/robzeh/projects/raptune/raptune_venv/lib/python3.9/site-packages (from -r /h/robzeh/projects/raptune/requirements.txt (line 174)) (1.5.1)
Requirement already satisfied: sympy==1.12 in /fs01/home/robzeh/projects/raptune/raptune_venv/lib/python3.9/site-packages (from -r /h/robzeh/projects/raptune/requirements.txt (line 175)) (1.12)
Requirement already satisfied: thinc==8.2.3 in /fs01/home/robzeh/projects/raptune/raptune_venv/lib/python3.9/site-packages (from -r /h/robzeh/projects/raptune/requirements.txt (line 176)) (8.2.3)
Collecting threadpoolctl==3.3.0
  Using cached threadpoolctl-3.3.0-py3-none-any.whl (17 kB)
Collecting tokenizers==0.15.2
  Using cached tokenizers-0.15.2-cp39-cp39-manylinux_2_17_x86_64.manylinux2014_x86_64.whl (3.6 MB)
Requirement already satisfied: tomli==2.0.1 in /fs01/home/robzeh/projects/raptune/raptune_venv/lib/python3.9/site-packages (from -r /h/robzeh/projects/raptune/requirements.txt (line 179)) (2.0.1)
Requirement already satisfied: tomlkit==0.12.0 in /fs01/home/robzeh/projects/raptune/raptune_venv/lib/python3.9/site-packages (from -r /h/robzeh/projects/raptune/requirements.txt (line 180)) (0.12.0)
Requirement already satisfied: toolz==0.12.1 in /fs01/home/robzeh/projects/raptune/raptune_venv/lib/python3.9/site-packages (from -r /h/robzeh/projects/raptune/requirements.txt (line 181)) (0.12.1)
Collecting torch==2.1.0
  Using cached torch-2.1.0-cp39-cp39-manylinux1_x86_64.whl (670.2 MB)
Collecting torchaudio==2.1.0
  Using cached torchaudio-2.1.0-cp39-cp39-manylinux1_x86_64.whl (3.3 MB)
Requirement already satisfied: torchlibrosa==0.1.0 in /fs01/home/robzeh/projects/raptune/raptune_venv/lib/python3.9/site-packages (from -r /h/robzeh/projects/raptune/requirements.txt (line 184)) (0.1.0)
Requirement already satisfied: torchmetrics==1.3.1 in /fs01/home/robzeh/projects/raptune/raptune_venv/lib/python3.9/site-packages (from -r /h/robzeh/projects/raptune/requirements.txt (line 185)) (1.3.1)
Collecting torchvision==0.16.0
  Using cached torchvision-0.16.0-cp39-cp39-manylinux1_x86_64.whl (6.9 MB)
Collecting tqdm==4.66.2
  Using cached tqdm-4.66.2-py3-none-any.whl (78 kB)
Collecting transformers==4.39.1
  Using cached transformers-4.39.1-py3-none-any.whl (8.8 MB)
Requirement already satisfied: treetable==0.2.5 in /fs01/home/robzeh/projects/raptune/raptune_venv/lib/python3.9/site-packages (from -r /h/robzeh/projects/raptune/requirements.txt (line 189)) (0.2.5)
Requirement already satisfied: triton==2.1.0 in /fs01/home/robzeh/projects/raptune/raptune_venv/lib/python3.9/site-packages (from -r /h/robzeh/projects/raptune/requirements.txt (line 190)) (2.1.0)
Requirement already satisfied: trove-classifiers==2024.3.3 in /fs01/home/robzeh/projects/raptune/raptune_venv/lib/python3.9/site-packages (from -r /h/robzeh/projects/raptune/requirements.txt (line 191)) (2024.3.3)
Requirement already satisfied: typer==0.9.0 in /fs01/home/robzeh/projects/raptune/raptune_venv/lib/python3.9/site-packages (from -r /h/robzeh/projects/raptune/requirements.txt (line 192)) (0.9.0)
Collecting typing_extensions==4.10.0
  Using cached typing_extensions-4.10.0-py3-none-any.whl (33 kB)
Collecting tzdata==2024.1
  Using cached tzdata-2024.1-py2.py3-none-any.whl (345 kB)
Collecting urllib3==2.2.1
  Using cached urllib3-2.2.1-py3-none-any.whl (121 kB)
Requirement already satisfied: uvicorn==0.28.0 in /fs01/home/robzeh/projects/raptune/raptune_venv/lib/python3.9/site-packages (from -r /h/robzeh/projects/raptune/requirements.txt (line 196)) (0.28.0)
Requirement already satisfied: virtualenv==20.25.1 in /fs01/home/robzeh/projects/raptune/raptune_venv/lib/python3.9/site-packages (from -r /h/robzeh/projects/raptune/requirements.txt (line 197)) (20.25.1)
Collecting wandb==0.16.4
  Using cached wandb-0.16.4-py3-none-any.whl (2.2 MB)
Requirement already satisfied: wasabi==1.1.2 in /fs01/home/robzeh/projects/raptune/raptune_venv/lib/python3.9/site-packages (from -r /h/robzeh/projects/raptune/requirements.txt (line 199)) (1.1.2)
Collecting wcwidth==0.2.13
  Using cached wcwidth-0.2.13-py2.py3-none-any.whl (34 kB)
Requirement already satisfied: weasel==0.3.4 in /fs01/home/robzeh/projects/raptune/raptune_venv/lib/python3.9/site-packages (from -r /h/robzeh/projects/raptune/requirements.txt (line 201)) (0.3.4)
Collecting webdataset==0.2.86
  Using cached webdataset-0.2.86-py3-none-any.whl (70 kB)
Requirement already satisfied: websockets==11.0.3 in /fs01/home/robzeh/projects/raptune/raptune_venv/lib/python3.9/site-packages (from -r /h/robzeh/projects/raptune/requirements.txt (line 203)) (11.0.3)
Requirement already satisfied: wget==3.2 in /fs01/home/robzeh/projects/raptune/raptune_venv/lib/python3.9/site-packages (from -r /h/robzeh/projects/raptune/requirements.txt (line 204)) (3.2)
Requirement already satisfied: xformers==0.0.22.post7 in /fs01/home/robzeh/projects/raptune/raptune_venv/lib/python3.9/site-packages (from -r /h/robzeh/projects/raptune/requirements.txt (line 205)) (0.0.22.post7)
Requirement already satisfied: xxhash==3.4.1 in /fs01/home/robzeh/projects/raptune/raptune_venv/lib/python3.9/site-packages (from -r /h/robzeh/projects/raptune/requirements.txt (line 206)) (3.4.1)
Requirement already satisfied: yarl==1.9.4 in /fs01/home/robzeh/projects/raptune/raptune_venv/lib/python3.9/site-packages (from -r /h/robzeh/projects/raptune/requirements.txt (line 207)) (1.9.4)
Requirement already satisfied: zipp==3.18.1 in /fs01/home/robzeh/projects/raptune/raptune_venv/lib/python3.9/site-packages (from -r /h/robzeh/projects/raptune/requirements.txt (line 208)) (3.18.1)
Requirement already satisfied: fsspec[http]<=2024.2.0,>=2023.1.0 in /fs01/home/robzeh/projects/raptune/raptune_venv/lib/python3.9/site-packages (from datasets==2.18.0->-r /h/robzeh/projects/raptune/requirements.txt (line 35)) (2023.9.2)
Requirement already satisfied: setuptools in /fs01/home/robzeh/projects/raptune/raptune_venv/lib/python3.9/site-packages (from lightning-utilities==0.10.1->-r /h/robzeh/projects/raptune/requirements.txt (line 85)) (68.2.2)
Installing collected packages: typing-extensions, MarkupSafe, filelock, urllib3, numpy, networkx, idna, fsspec, charset-normalizer, certifi, tzdata, tqdm, torch, threadpoolctl, scipy, pytz, python-dateutil, platformdirs, packaging, msgpack, llvmlite, torchaudio, soxr, scikit-learn, pooch, pandas, numba, huggingface-hub, gitdb, wcwidth, tokenizers, setproctitle, sentry-sdk, safetensors, regex, psutil, protobuf, GitPython, einops, webdataset, wandb, transformers, h5py, ftfy, torchvision, resampy, laion-clap, audiocraft
  Attempting uninstall: typing-extensions
    Found existing installation: typing-extensions 4.8.0
    Uninstalling typing-extensions-4.8.0:
      Successfully uninstalled typing-extensions-4.8.0
  Attempting uninstall: MarkupSafe
    Found existing installation: MarkupSafe 2.1.3
    Uninstalling MarkupSafe-2.1.3:
      Successfully uninstalled MarkupSafe-2.1.3
  Attempting uninstall: filelock
    Found existing installation: filelock 3.12.4
    Uninstalling filelock-3.12.4:
      Successfully uninstalled filelock-3.12.4
  Attempting uninstall: urllib3
    Found existing installation: urllib3 2.0.7
    Uninstalling urllib3-2.0.7:
      Successfully uninstalled urllib3-2.0.7
  Attempting uninstall: numpy
    Found existing installation: numpy 1.23.5
    Uninstalling numpy-1.23.5:
      Successfully uninstalled numpy-1.23.5
  Attempting uninstall: networkx
    Found existing installation: networkx 3.1
    Uninstalling networkx-3.1:
      Successfully uninstalled networkx-3.1
  Attempting uninstall: idna
    Found existing installation: idna 3.4
    Uninstalling idna-3.4:
      Successfully uninstalled idna-3.4
  Attempting uninstall: fsspec
    Found existing installation: fsspec 2023.9.2
    Uninstalling fsspec-2023.9.2:
      Successfully uninstalled fsspec-2023.9.2
  Attempting uninstall: charset-normalizer
    Found existing installation: charset-normalizer 3.2.0
    Uninstalling charset-normalizer-3.2.0:
      Successfully uninstalled charset-normalizer-3.2.0
  Attempting uninstall: certifi
    Found existing installation: certifi 2023.7.22
    Uninstalling certifi-2023.7.22:
      Successfully uninstalled certifi-2023.7.22
  Attempting uninstall: tzdata
    Found existing installation: tzdata 2023.3
    Uninstalling tzdata-2023.3:
      Successfully uninstalled tzdata-2023.3
  Attempting uninstall: tqdm
    Found existing installation: tqdm 4.66.1
    Uninstalling tqdm-4.66.1:
      Successfully uninstalled tqdm-4.66.1
  Attempting uninstall: torch
    Found existing installation: torch 2.1.2
    Uninstalling torch-2.1.2:
      Successfully uninstalled torch-2.1.2
  Rolling back uninstall of torch
  Moving to /fs01/home/robzeh/projects/raptune/raptune_venv/bin/convert-caffe2-to-onnx
   from /tmp/pip-uninstall-10ik7n68/convert-caffe2-to-onnx
  Moving to /fs01/home/robzeh/projects/raptune/raptune_venv/bin/convert-onnx-to-caffe2
   from /tmp/pip-uninstall-10ik7n68/convert-onnx-to-caffe2
  Moving to /fs01/home/robzeh/projects/raptune/raptune_venv/bin/torchrun
   from /tmp/pip-uninstall-10ik7n68/torchrun
  Moving to /fs01/home/robzeh/projects/raptune/raptune_venv/lib/python3.9/site-packages/functorch/
   from /fs01/home/robzeh/projects/raptune/raptune_venv/lib/python3.9/site-packages/~unctorch
  Moving to /fs01/home/robzeh/projects/raptune/raptune_venv/lib/python3.9/site-packages/nvfuser/
   from /fs01/home/robzeh/projects/raptune/raptune_venv/lib/python3.9/site-packages/~vfuser
  Moving to /fs01/home/robzeh/projects/raptune/raptune_venv/lib/python3.9/site-packages/torch-2.1.2.dist-info/
   from /fs01/home/robzeh/projects/raptune/raptune_venv/lib/python3.9/site-packages/~orch-2.1.2.dist-info
  Moving to /fs01/home/robzeh/projects/raptune/raptune_venv/lib/python3.9/site-packages/torch/
   from /fs01/home/robzeh/projects/raptune/raptune_venv/lib/python3.9/site-packages/~orch
  Moving to /fs01/home/robzeh/projects/raptune/raptune_venv/lib/python3.9/site-packages/torchgen/
   from /fs01/home/robzeh/projects/raptune/raptune_venv/lib/python3.9/site-packages/~orchgen
[00:02:34] MusicCaps length: 5410             generate_qualities_augmented.py:41
           Already generated 0 files          generate_qualities_augmented.py:42
           Left to generate: 5410             generate_qualities_augmented.py:46
Tue Apr 9 00:02:50 EDT 2024: Job 12304523 finished running, exit code: 1
